23:27:03. 131 [main] ERROR o.s.boot.SpringApplication -- Application run failed
java.lang.IllegalStateException: java.lang.IllegalStateException: Logback configuration error detected: 
ERROR in ch.qos.logback.classic.PatternLayout("null") - Empty or null pattern.
	at org.springframework.boot.context.logging.LoggingApplicationListener.initializeSystem(LoggingApplicationListener.java:347)
	at org.springframework.boot.context.logging.LoggingApplicationListener.initialize(LoggingApplicationListener.java:298)
	at org.springframework.boot.context.logging.LoggingApplicationListener.onApplicationEnvironmentPreparedEvent(LoggingApplicationListener.java:246)
	at org.springframework.boot.context.logging.LoggingApplicationListener.onApplicationEvent(LoggingApplicationListener.java:223)
	at org.springframework.context.event.SimpleApplicationEventMulticaster.doInvokeListener(SimpleApplicationEventMulticaster.java:185)
	at org.springframework.context.event.SimpleApplicationEventMulticaster.invokeListener(SimpleApplicationEventMulticaster.java:178)
	at org.springframework.context.event.SimpleApplicationEventMulticaster.multicastEvent(SimpleApplicationEventMulticaster.java:156)
	at org.springframework.context.event.SimpleApplicationEventMulticaster.multicastEvent(SimpleApplicationEventMulticaster.java:138)
	at org.springframework.boot.context.event.EventPublishingRunListener.multicastInitialEvent(EventPublishingRunListener.java:136)
	at org.springframework.boot.context.event.EventPublishingRunListener.environmentPrepared(EventPublishingRunListener.java:81)
	at org.springframework.boot.SpringApplicationRunListeners.lambda$environmentPrepared$2(SpringApplicationRunListeners.java:64)
	at java.base/java.lang.Iterable.forEach(Iterable.java:75)
	at org.springframework.boot.SpringApplicationRunListeners.doWithListeners(SpringApplicationRunListeners.java:118)
	at org.springframework.boot.SpringApplicationRunListeners.doWithListeners(SpringApplicationRunListeners.java:112)
	at org.springframework.boot.SpringApplicationRunListeners.environmentPrepared(SpringApplicationRunListeners.java:63)
	at org.springframework.boot.SpringApplication.prepareEnvironment(SpringApplication.java:353)
	at org.springframework.boot.SpringApplication.run(SpringApplication.java:313)
	at org.springframework.boot.SpringApplication.run(SpringApplication.java:1362)
	at org.springframework.boot.SpringApplication.run(SpringApplication.java:1351)
	at net.vishal.journalApp.JournalApplication.main(JournalApplication.java:17)
Caused by: java.lang.IllegalStateException: Logback configuration error detected: 
ERROR in ch.qos.logback.classic.PatternLayout("null") - Empty or null pattern.
	at org.springframework.boot.logging.logback.LogbackLoggingSystem.reportConfigurationErrorsIfNecessary(LogbackLoggingSystem.java:289)
	at org.springframework.boot.logging.logback.LogbackLoggingSystem.loadConfiguration(LogbackLoggingSystem.java:267)
	at org.springframework.boot.logging.logback.LogbackLoggingSystem.reinitialize(LogbackLoggingSystem.java:342)
	at org.springframework.boot.logging.AbstractLoggingSystem.initializeWithConventions(AbstractLoggingSystem.java:74)
	at org.springframework.boot.logging.AbstractLoggingSystem.initialize(AbstractLoggingSystem.java:61)
	at org.springframework.boot.logging.logback.LogbackLoggingSystem.initialize(LogbackLoggingSystem.java:195)
	at org.springframework.boot.context.logging.LoggingApplicationListener.initializeSystem(LoggingApplicationListener.java:332)
	... 19 common frames omitted
23:27:19. 530 [main] ERROR o.s.boot.SpringApplication -- Application run failed
java.lang.IllegalStateException: java.lang.IllegalStateException: Logback configuration error detected: 
ERROR in ch.qos.logback.classic.PatternLayout("null") - Empty or null pattern.
	at org.springframework.boot.context.logging.LoggingApplicationListener.initializeSystem(LoggingApplicationListener.java:347)
	at org.springframework.boot.context.logging.LoggingApplicationListener.initialize(LoggingApplicationListener.java:298)
	at org.springframework.boot.context.logging.LoggingApplicationListener.onApplicationEnvironmentPreparedEvent(LoggingApplicationListener.java:246)
	at org.springframework.boot.context.logging.LoggingApplicationListener.onApplicationEvent(LoggingApplicationListener.java:223)
	at org.springframework.context.event.SimpleApplicationEventMulticaster.doInvokeListener(SimpleApplicationEventMulticaster.java:185)
	at org.springframework.context.event.SimpleApplicationEventMulticaster.invokeListener(SimpleApplicationEventMulticaster.java:178)
	at org.springframework.context.event.SimpleApplicationEventMulticaster.multicastEvent(SimpleApplicationEventMulticaster.java:156)
	at org.springframework.context.event.SimpleApplicationEventMulticaster.multicastEvent(SimpleApplicationEventMulticaster.java:138)
	at org.springframework.boot.context.event.EventPublishingRunListener.multicastInitialEvent(EventPublishingRunListener.java:136)
	at org.springframework.boot.context.event.EventPublishingRunListener.environmentPrepared(EventPublishingRunListener.java:81)
	at org.springframework.boot.SpringApplicationRunListeners.lambda$environmentPrepared$2(SpringApplicationRunListeners.java:64)
	at java.base/java.lang.Iterable.forEach(Iterable.java:75)
	at org.springframework.boot.SpringApplicationRunListeners.doWithListeners(SpringApplicationRunListeners.java:118)
	at org.springframework.boot.SpringApplicationRunListeners.doWithListeners(SpringApplicationRunListeners.java:112)
	at org.springframework.boot.SpringApplicationRunListeners.environmentPrepared(SpringApplicationRunListeners.java:63)
	at org.springframework.boot.SpringApplication.prepareEnvironment(SpringApplication.java:353)
	at org.springframework.boot.SpringApplication.run(SpringApplication.java:313)
	at org.springframework.boot.SpringApplication.run(SpringApplication.java:1362)
	at org.springframework.boot.SpringApplication.run(SpringApplication.java:1351)
	at net.vishal.journalApp.JournalApplication.main(JournalApplication.java:17)
Caused by: java.lang.IllegalStateException: Logback configuration error detected: 
ERROR in ch.qos.logback.classic.PatternLayout("null") - Empty or null pattern.
	at org.springframework.boot.logging.logback.LogbackLoggingSystem.reportConfigurationErrorsIfNecessary(LogbackLoggingSystem.java:289)
	at org.springframework.boot.logging.logback.LogbackLoggingSystem.loadConfiguration(LogbackLoggingSystem.java:267)
	at org.springframework.boot.logging.logback.LogbackLoggingSystem.reinitialize(LogbackLoggingSystem.java:342)
	at org.springframework.boot.logging.AbstractLoggingSystem.initializeWithConventions(AbstractLoggingSystem.java:74)
	at org.springframework.boot.logging.AbstractLoggingSystem.initialize(AbstractLoggingSystem.java:61)
	at org.springframework.boot.logging.logback.LogbackLoggingSystem.initialize(LogbackLoggingSystem.java:195)
	at org.springframework.boot.context.logging.LoggingApplicationListener.initializeSystem(LoggingApplicationListener.java:332)
	... 19 common frames omitted
23:27:59. 359 [main] INFO  n.v.journalApp.JournalApplication -- Starting JournalApplication using Java 23.0.1 with PID 4284 (D:\journalApp\target\classes started by hp in D:\journalApp)
23:27:59. 367 [main] INFO  n.v.journalApp.JournalApplication -- No active profile set, falling back to 1 default profile: "default"
23:28:01. 828 [main] INFO  o.s.d.r.c.RepositoryConfigurationDelegate -- Bootstrapping Spring Data MongoDB repositories in DEFAULT mode.
23:28:01. 989 [main] INFO  o.s.d.r.c.RepositoryConfigurationDelegate -- Finished Spring Data repository scanning in 138 ms. Found 2 MongoDB repository interfaces.
23:28:03. 363 [main] INFO  o.s.b.w.e.tomcat.TomcatWebServer -- Tomcat initialized with port 8080 (http)
23:28:03. 387 [main] INFO  o.a.coyote.http11.Http11NioProtocol -- Initializing ProtocolHandler ["http-nio-8080"]
23:28:03. 393 [main] INFO  o.a.catalina.core.StandardService -- Starting service [Tomcat]
23:28:03. 393 [main] INFO  o.a.catalina.core.StandardEngine -- Starting Servlet engine: [Apache Tomcat/10.1.41]
23:28:03. 523 [main] INFO  o.a.c.c.C.[.[localhost].[/journal] -- Initializing Spring embedded WebApplicationContext
23:28:03. 525 [main] INFO  o.s.b.w.s.c.ServletWebServerApplicationContext -- Root WebApplicationContext: initialization completed in 3980 ms
23:28:04. 249 [cluster-ClusterId{value='683c94ac080ddafbc552864d', description='Cluster0'}-srv-cluster0.69ux2h8.mongodb.net] INFO  org.mongodb.driver.cluster -- Adding discovered server ac-yqfcj9y-shard-00-00.69ux2h8.mongodb.net:27017 to client view of cluster
23:28:04. 343 [main] INFO  org.mongodb.driver.client -- MongoClient with metadata {"application": {"name": "Cluster0"}, "driver": {"name": "mongo-java-driver|sync|spring-boot", "version": "5.4.0"}, "os": {"type": "Windows", "name": "Windows 11", "architecture": "amd64", "version": "10.0"}, "platform": "Java/Oracle Corporation/23.0.1+11-39"} created with settings MongoClientSettings{readPreference=primary, writeConcern=WriteConcern{w=majority, wTimeout=null ms, journal=null}, retryWrites=true, retryReads=true, readConcern=ReadConcern{level=null}, credential=MongoCredential{mechanism=null, userName='aaddii', source='admin', password=<hidden>, mechanismProperties=<hidden>}, transportSettings=null, commandListeners=[], codecRegistry=ProvidersCodecRegistry{codecProviders=[ValueCodecProvider{}, BsonValueCodecProvider{}, DBRefCodecProvider{}, DBObjectCodecProvider{}, DocumentCodecProvider{}, CollectionCodecProvider{}, IterableCodecProvider{}, MapCodecProvider{}, GeoJsonCodecProvider{}, GridFSFileCodecProvider{}, Jsr310CodecProvider{}, JsonObjectCodecProvider{}, BsonCodecProvider{}, EnumCodecProvider{}, com.mongodb.client.model.mql.ExpressionCodecProvider@1b4872bc, com.mongodb.Jep395RecordCodecProvider@498a612d, com.mongodb.KotlinCodecProvider@1e1237ab]}, loggerSettings=LoggerSettings{maxDocumentLength=1000}, clusterSettings={hosts=[127.0.0.1:27017], srvHost=cluster0.69ux2h8.mongodb.net, srvServiceName=mongodb, mode=MULTIPLE, requiredClusterType=REPLICA_SET, requiredReplicaSetName='atlas-htbgzj-shard-0', serverSelector='null', clusterListeners='[]', serverSelectionTimeout='30000 ms', localThreshold='15 ms'}, socketSettings=SocketSettings{connectTimeoutMS=10000, readTimeoutMS=0, receiveBufferSize=0, proxySettings=ProxySettings{host=null, port=null, username=null, password=null}}, heartbeatSocketSettings=SocketSettings{connectTimeoutMS=10000, readTimeoutMS=10000, receiveBufferSize=0, proxySettings=ProxySettings{host=null, port=null, username=null, password=null}}, connectionPoolSettings=ConnectionPoolSettings{maxSize=100, minSize=0, maxWaitTimeMS=120000, maxConnectionLifeTimeMS=0, maxConnectionIdleTimeMS=0, maintenanceInitialDelayMS=0, maintenanceFrequencyMS=60000, connectionPoolListeners=[], maxConnecting=2}, serverSettings=ServerSettings{heartbeatFrequencyMS=10000, minHeartbeatFrequencyMS=500, serverMonitoringMode=AUTO, serverListeners='[]', serverMonitorListeners='[]'}, sslSettings=SslSettings{enabled=true, invalidHostNameAllowed=false, context=null}, applicationName='Cluster0', compressorList=[], uuidRepresentation=JAVA_LEGACY, serverApi=null, autoEncryptionSettings=null, dnsClient=null, inetAddressResolver=null, contextProvider=null, timeoutMS=null}
23:28:04. 374 [cluster-ClusterId{value='683c94ac080ddafbc552864d', description='Cluster0'}-srv-cluster0.69ux2h8.mongodb.net] INFO  org.mongodb.driver.cluster -- Adding discovered server ac-yqfcj9y-shard-00-01.69ux2h8.mongodb.net:27017 to client view of cluster
23:28:04. 379 [cluster-ClusterId{value='683c94ac080ddafbc552864d', description='Cluster0'}-srv-cluster0.69ux2h8.mongodb.net] INFO  org.mongodb.driver.cluster -- Adding discovered server ac-yqfcj9y-shard-00-02.69ux2h8.mongodb.net:27017 to client view of cluster
23:28:04. 650 [main] WARN  o.s.data.convert.CustomConversions -- Registering converter from interface java.util.List to interface org.springframework.data.domain.Vector as reading converter although it doesn't convert from a store-supported type; You might want to check your annotation setup at the converter implementation
23:28:05. 031 [main] WARN  o.s.data.convert.CustomConversions -- Registering converter from interface java.util.List to interface org.springframework.data.domain.Vector as reading converter although it doesn't convert from a store-supported type; You might want to check your annotation setup at the converter implementation
23:28:05. 473 [main] INFO  org.mongodb.driver.cluster -- Waiting for server to become available for operation with ID 5. Remaining time: 29976 ms. Selector: WritableServerSelector, topology description: {type=REPLICA_SET, servers=[{address=ac-yqfcj9y-shard-00-00.69ux2h8.mongodb.net:27017, type=UNKNOWN, state=CONNECTING}, {address=ac-yqfcj9y-shard-00-02.69ux2h8.mongodb.net:27017, type=UNKNOWN, state=CONNECTING}, {address=ac-yqfcj9y-shard-00-01.69ux2h8.mongodb.net:27017, type=UNKNOWN, state=CONNECTING}].
23:28:05. 858 [cluster-ClusterId{value='683c94ac080ddafbc552864d', description='Cluster0'}-ac-yqfcj9y-shard-00-02.69ux2h8.mongodb.net:27017] INFO  org.mongodb.driver.cluster -- Monitor thread successfully connected to server with description ServerDescription{address=ac-yqfcj9y-shard-00-02.69ux2h8.mongodb.net:27017, type=REPLICA_SET_PRIMARY, cryptd=false, state=CONNECTED, ok=true, minWireVersion=0, maxWireVersion=25, maxDocumentSize=16777216, logicalSessionTimeoutMinutes=30, roundTripTimeNanos=765548700, minRoundTripTimeNanos=0, setName='atlas-htbgzj-shard-0', canonicalAddress=ac-yqfcj9y-shard-00-02.69ux2h8.mongodb.net:27017, hosts=[ac-yqfcj9y-shard-00-00.69ux2h8.mongodb.net:27017, ac-yqfcj9y-shard-00-01.69ux2h8.mongodb.net:27017, ac-yqfcj9y-shard-00-02.69ux2h8.mongodb.net:27017], passives=[], arbiters=[], primary='ac-yqfcj9y-shard-00-02.69ux2h8.mongodb.net:27017', tagSet=TagSet{[Tag{name='availabilityZone', value='aps1-az2'}, Tag{name='diskState', value='READY'}, Tag{name='nodeType', value='ELECTABLE'}, Tag{name='provider', value='AWS'}, Tag{name='region', value='AP_SOUTH_1'}, Tag{name='workloadType', value='OPERATIONAL'}]}, electionId=7fffffff00000000000000fa, setVersion=310, topologyVersion=TopologyVersion{processId=6836eb408a25f210d16d93ce, counter=9}, lastWriteDate=Sun Jun 01 23:28:04 IST 2025, lastUpdateTimeNanos=250242019143300}
23:28:05. 858 [cluster-ClusterId{value='683c94ac080ddafbc552864d', description='Cluster0'}-ac-yqfcj9y-shard-00-01.69ux2h8.mongodb.net:27017] INFO  org.mongodb.driver.cluster -- Monitor thread successfully connected to server with description ServerDescription{address=ac-yqfcj9y-shard-00-01.69ux2h8.mongodb.net:27017, type=REPLICA_SET_SECONDARY, cryptd=false, state=CONNECTED, ok=true, minWireVersion=0, maxWireVersion=25, maxDocumentSize=16777216, logicalSessionTimeoutMinutes=30, roundTripTimeNanos=765579300, minRoundTripTimeNanos=0, setName='atlas-htbgzj-shard-0', canonicalAddress=ac-yqfcj9y-shard-00-01.69ux2h8.mongodb.net:27017, hosts=[ac-yqfcj9y-shard-00-00.69ux2h8.mongodb.net:27017, ac-yqfcj9y-shard-00-01.69ux2h8.mongodb.net:27017, ac-yqfcj9y-shard-00-02.69ux2h8.mongodb.net:27017], passives=[], arbiters=[], primary='ac-yqfcj9y-shard-00-02.69ux2h8.mongodb.net:27017', tagSet=TagSet{[Tag{name='availabilityZone', value='aps1-az3'}, Tag{name='diskState', value='READY'}, Tag{name='nodeType', value='ELECTABLE'}, Tag{name='provider', value='AWS'}, Tag{name='region', value='AP_SOUTH_1'}, Tag{name='workloadType', value='OPERATIONAL'}]}, electionId=null, setVersion=310, topologyVersion=TopologyVersion{processId=6836ed55dfa0b15da0299ea2, counter=5}, lastWriteDate=Sun Jun 01 23:28:04 IST 2025, lastUpdateTimeNanos=250242019165500}
23:28:05. 858 [cluster-ClusterId{value='683c94ac080ddafbc552864d', description='Cluster0'}-ac-yqfcj9y-shard-00-00.69ux2h8.mongodb.net:27017] INFO  org.mongodb.driver.cluster -- Monitor thread successfully connected to server with description ServerDescription{address=ac-yqfcj9y-shard-00-00.69ux2h8.mongodb.net:27017, type=REPLICA_SET_SECONDARY, cryptd=false, state=CONNECTED, ok=true, minWireVersion=0, maxWireVersion=25, maxDocumentSize=16777216, logicalSessionTimeoutMinutes=30, roundTripTimeNanos=765520900, minRoundTripTimeNanos=0, setName='atlas-htbgzj-shard-0', canonicalAddress=ac-yqfcj9y-shard-00-00.69ux2h8.mongodb.net:27017, hosts=[ac-yqfcj9y-shard-00-00.69ux2h8.mongodb.net:27017, ac-yqfcj9y-shard-00-01.69ux2h8.mongodb.net:27017, ac-yqfcj9y-shard-00-02.69ux2h8.mongodb.net:27017], passives=[], arbiters=[], primary='ac-yqfcj9y-shard-00-02.69ux2h8.mongodb.net:27017', tagSet=TagSet{[Tag{name='availabilityZone', value='aps1-az1'}, Tag{name='diskState', value='READY'}, Tag{name='nodeType', value='ELECTABLE'}, Tag{name='provider', value='AWS'}, Tag{name='region', value='AP_SOUTH_1'}, Tag{name='workloadType', value='OPERATIONAL'}]}, electionId=null, setVersion=310, topologyVersion=TopologyVersion{processId=6836ebee924473f51a5723ab, counter=5}, lastWriteDate=Sun Jun 01 23:28:04 IST 2025, lastUpdateTimeNanos=250242019140700}
23:28:05. 884 [cluster-ClusterId{value='683c94ac080ddafbc552864d', description='Cluster0'}-ac-yqfcj9y-shard-00-02.69ux2h8.mongodb.net:27017] INFO  org.mongodb.driver.cluster -- Discovered replica set primary ac-yqfcj9y-shard-00-02.69ux2h8.mongodb.net:27017 with max election id 7fffffff00000000000000fa and max set version 310
23:28:07. 325 [main] INFO  o.s.s.c.a.a.c.InitializeUserDetailsBeanManagerConfigurer$InitializeUserDetailsManagerConfigurer -- Global AuthenticationManager configured with UserDetailsService bean with name userDetailsServiceImpl
23:28:08. 108 [main] INFO  o.a.coyote.http11.Http11NioProtocol -- Starting ProtocolHandler ["http-nio-8080"]
23:28:08. 144 [main] INFO  o.s.b.w.e.tomcat.TomcatWebServer -- Tomcat started on port 8080 (http) with context path '/journal'
23:28:08. 160 [main] INFO  n.v.journalApp.JournalApplication -- Started JournalApplication in 10.0 seconds (process running for 11.381)
01:10:19. 292 [SpringApplicationShutdownHook] INFO  o.s.b.w.e.tomcat.GracefulShutdown -- Commencing graceful shutdown. Waiting for active requests to complete
01:10:19. 480 [tomcat-shutdown] INFO  o.s.b.w.e.tomcat.GracefulShutdown -- Graceful shutdown complete
01:10:53. 380 [main] INFO  n.v.journalApp.JournalApplication -- Starting JournalApplication using Java 23.0.1 with PID 11712 (D:\journalApp\target\classes started by hp in D:\journalApp)
01:10:53. 394 [main] INFO  n.v.journalApp.JournalApplication -- No active profile set, falling back to 1 default profile: "default"
01:10:56. 719 [main] INFO  o.s.d.r.c.RepositoryConfigurationDelegate -- Bootstrapping Spring Data MongoDB repositories in DEFAULT mode.
01:10:57. 095 [main] INFO  o.s.d.r.c.RepositoryConfigurationDelegate -- Finished Spring Data repository scanning in 345 ms. Found 2 MongoDB repository interfaces.
01:10:59. 619 [main] INFO  o.s.b.w.e.tomcat.TomcatWebServer -- Tomcat initialized with port 8080 (http)
01:10:59. 659 [main] INFO  o.a.coyote.http11.Http11NioProtocol -- Initializing ProtocolHandler ["http-nio-8080"]
01:10:59. 667 [main] INFO  o.a.catalina.core.StandardService -- Starting service [Tomcat]
01:10:59. 668 [main] INFO  o.a.catalina.core.StandardEngine -- Starting Servlet engine: [Apache Tomcat/10.1.41]
01:10:59. 910 [main] INFO  o.a.c.c.C.[.[localhost].[/journal] -- Initializing Spring embedded WebApplicationContext
01:10:59. 914 [main] INFO  o.s.b.w.s.c.ServletWebServerApplicationContext -- Root WebApplicationContext: initialization completed in 6126 ms
01:11:01. 217 [cluster-ClusterId{value='683caccd202bf7bd263cd0ca', description='Cluster0'}-srv-cluster0.69ux2h8.mongodb.net] INFO  org.mongodb.driver.cluster -- Adding discovered server ac-yqfcj9y-shard-00-00.69ux2h8.mongodb.net:27017 to client view of cluster
01:11:01. 394 [main] INFO  org.mongodb.driver.client -- MongoClient with metadata {"application": {"name": "Cluster0"}, "driver": {"name": "mongo-java-driver|sync|spring-boot", "version": "5.4.0"}, "os": {"type": "Windows", "name": "Windows 11", "architecture": "amd64", "version": "10.0"}, "platform": "Java/Oracle Corporation/23.0.1+11-39"} created with settings MongoClientSettings{readPreference=primary, writeConcern=WriteConcern{w=majority, wTimeout=null ms, journal=null}, retryWrites=true, retryReads=true, readConcern=ReadConcern{level=null}, credential=MongoCredential{mechanism=null, userName='aaddii', source='admin', password=<hidden>, mechanismProperties=<hidden>}, transportSettings=null, commandListeners=[], codecRegistry=ProvidersCodecRegistry{codecProviders=[ValueCodecProvider{}, BsonValueCodecProvider{}, DBRefCodecProvider{}, DBObjectCodecProvider{}, DocumentCodecProvider{}, CollectionCodecProvider{}, IterableCodecProvider{}, MapCodecProvider{}, GeoJsonCodecProvider{}, GridFSFileCodecProvider{}, Jsr310CodecProvider{}, JsonObjectCodecProvider{}, BsonCodecProvider{}, EnumCodecProvider{}, com.mongodb.client.model.mql.ExpressionCodecProvider@1578b8ec, com.mongodb.Jep395RecordCodecProvider@f613067, com.mongodb.KotlinCodecProvider@c1e14f]}, loggerSettings=LoggerSettings{maxDocumentLength=1000}, clusterSettings={hosts=[127.0.0.1:27017], srvHost=cluster0.69ux2h8.mongodb.net, srvServiceName=mongodb, mode=MULTIPLE, requiredClusterType=REPLICA_SET, requiredReplicaSetName='atlas-htbgzj-shard-0', serverSelector='null', clusterListeners='[]', serverSelectionTimeout='30000 ms', localThreshold='15 ms'}, socketSettings=SocketSettings{connectTimeoutMS=10000, readTimeoutMS=0, receiveBufferSize=0, proxySettings=ProxySettings{host=null, port=null, username=null, password=null}}, heartbeatSocketSettings=SocketSettings{connectTimeoutMS=10000, readTimeoutMS=10000, receiveBufferSize=0, proxySettings=ProxySettings{host=null, port=null, username=null, password=null}}, connectionPoolSettings=ConnectionPoolSettings{maxSize=100, minSize=0, maxWaitTimeMS=120000, maxConnectionLifeTimeMS=0, maxConnectionIdleTimeMS=0, maintenanceInitialDelayMS=0, maintenanceFrequencyMS=60000, connectionPoolListeners=[], maxConnecting=2}, serverSettings=ServerSettings{heartbeatFrequencyMS=10000, minHeartbeatFrequencyMS=500, serverMonitoringMode=AUTO, serverListeners='[]', serverMonitorListeners='[]'}, sslSettings=SslSettings{enabled=true, invalidHostNameAllowed=false, context=null}, applicationName='Cluster0', compressorList=[], uuidRepresentation=JAVA_LEGACY, serverApi=null, autoEncryptionSettings=null, dnsClient=null, inetAddressResolver=null, contextProvider=null, timeoutMS=null}
01:11:01. 498 [cluster-ClusterId{value='683caccd202bf7bd263cd0ca', description='Cluster0'}-srv-cluster0.69ux2h8.mongodb.net] INFO  org.mongodb.driver.cluster -- Adding discovered server ac-yqfcj9y-shard-00-01.69ux2h8.mongodb.net:27017 to client view of cluster
01:11:01. 532 [cluster-ClusterId{value='683caccd202bf7bd263cd0ca', description='Cluster0'}-srv-cluster0.69ux2h8.mongodb.net] INFO  org.mongodb.driver.cluster -- Adding discovered server ac-yqfcj9y-shard-00-02.69ux2h8.mongodb.net:27017 to client view of cluster
01:11:01. 973 [main] WARN  o.s.data.convert.CustomConversions -- Registering converter from interface java.util.List to interface org.springframework.data.domain.Vector as reading converter although it doesn't convert from a store-supported type; You might want to check your annotation setup at the converter implementation
01:11:02. 517 [main] WARN  o.s.data.convert.CustomConversions -- Registering converter from interface java.util.List to interface org.springframework.data.domain.Vector as reading converter although it doesn't convert from a store-supported type; You might want to check your annotation setup at the converter implementation
01:11:03. 121 [main] INFO  org.mongodb.driver.cluster -- Waiting for server to become available for operation with ID 5. Remaining time: 29964 ms. Selector: WritableServerSelector, topology description: {type=REPLICA_SET, servers=[{address=ac-yqfcj9y-shard-00-00.69ux2h8.mongodb.net:27017, type=UNKNOWN, state=CONNECTING}, {address=ac-yqfcj9y-shard-00-02.69ux2h8.mongodb.net:27017, type=UNKNOWN, state=CONNECTING}, {address=ac-yqfcj9y-shard-00-01.69ux2h8.mongodb.net:27017, type=UNKNOWN, state=CONNECTING}].
01:11:03. 805 [cluster-ClusterId{value='683caccd202bf7bd263cd0ca', description='Cluster0'}-ac-yqfcj9y-shard-00-01.69ux2h8.mongodb.net:27017] INFO  org.mongodb.driver.cluster -- Monitor thread successfully connected to server with description ServerDescription{address=ac-yqfcj9y-shard-00-01.69ux2h8.mongodb.net:27017, type=REPLICA_SET_SECONDARY, cryptd=false, state=CONNECTED, ok=true, minWireVersion=0, maxWireVersion=25, maxDocumentSize=16777216, logicalSessionTimeoutMinutes=30, roundTripTimeNanos=1188444300, minRoundTripTimeNanos=0, setName='atlas-htbgzj-shard-0', canonicalAddress=ac-yqfcj9y-shard-00-01.69ux2h8.mongodb.net:27017, hosts=[ac-yqfcj9y-shard-00-00.69ux2h8.mongodb.net:27017, ac-yqfcj9y-shard-00-01.69ux2h8.mongodb.net:27017, ac-yqfcj9y-shard-00-02.69ux2h8.mongodb.net:27017], passives=[], arbiters=[], primary='ac-yqfcj9y-shard-00-02.69ux2h8.mongodb.net:27017', tagSet=TagSet{[Tag{name='availabilityZone', value='aps1-az3'}, Tag{name='diskState', value='READY'}, Tag{name='nodeType', value='ELECTABLE'}, Tag{name='provider', value='AWS'}, Tag{name='region', value='AP_SOUTH_1'}, Tag{name='workloadType', value='OPERATIONAL'}]}, electionId=null, setVersion=310, topologyVersion=TopologyVersion{processId=6836ed55dfa0b15da0299ea2, counter=5}, lastWriteDate=Mon Jun 02 01:11:02 IST 2025, lastUpdateTimeNanos=256423045356300}
01:11:03. 805 [cluster-ClusterId{value='683caccd202bf7bd263cd0ca', description='Cluster0'}-ac-yqfcj9y-shard-00-02.69ux2h8.mongodb.net:27017] INFO  org.mongodb.driver.cluster -- Monitor thread successfully connected to server with description ServerDescription{address=ac-yqfcj9y-shard-00-02.69ux2h8.mongodb.net:27017, type=REPLICA_SET_PRIMARY, cryptd=false, state=CONNECTED, ok=true, minWireVersion=0, maxWireVersion=25, maxDocumentSize=16777216, logicalSessionTimeoutMinutes=30, roundTripTimeNanos=1188431500, minRoundTripTimeNanos=0, setName='atlas-htbgzj-shard-0', canonicalAddress=ac-yqfcj9y-shard-00-02.69ux2h8.mongodb.net:27017, hosts=[ac-yqfcj9y-shard-00-00.69ux2h8.mongodb.net:27017, ac-yqfcj9y-shard-00-01.69ux2h8.mongodb.net:27017, ac-yqfcj9y-shard-00-02.69ux2h8.mongodb.net:27017], passives=[], arbiters=[], primary='ac-yqfcj9y-shard-00-02.69ux2h8.mongodb.net:27017', tagSet=TagSet{[Tag{name='availabilityZone', value='aps1-az2'}, Tag{name='diskState', value='READY'}, Tag{name='nodeType', value='ELECTABLE'}, Tag{name='provider', value='AWS'}, Tag{name='region', value='AP_SOUTH_1'}, Tag{name='workloadType', value='OPERATIONAL'}]}, electionId=7fffffff00000000000000fa, setVersion=310, topologyVersion=TopologyVersion{processId=6836eb408a25f210d16d93ce, counter=9}, lastWriteDate=Mon Jun 02 01:11:02 IST 2025, lastUpdateTimeNanos=256423045356400}
01:11:03. 807 [cluster-ClusterId{value='683caccd202bf7bd263cd0ca', description='Cluster0'}-ac-yqfcj9y-shard-00-00.69ux2h8.mongodb.net:27017] INFO  org.mongodb.driver.cluster -- Monitor thread successfully connected to server with description ServerDescription{address=ac-yqfcj9y-shard-00-00.69ux2h8.mongodb.net:27017, type=REPLICA_SET_SECONDARY, cryptd=false, state=CONNECTED, ok=true, minWireVersion=0, maxWireVersion=25, maxDocumentSize=16777216, logicalSessionTimeoutMinutes=30, roundTripTimeNanos=1180417300, minRoundTripTimeNanos=0, setName='atlas-htbgzj-shard-0', canonicalAddress=ac-yqfcj9y-shard-00-00.69ux2h8.mongodb.net:27017, hosts=[ac-yqfcj9y-shard-00-00.69ux2h8.mongodb.net:27017, ac-yqfcj9y-shard-00-01.69ux2h8.mongodb.net:27017, ac-yqfcj9y-shard-00-02.69ux2h8.mongodb.net:27017], passives=[], arbiters=[], primary='ac-yqfcj9y-shard-00-02.69ux2h8.mongodb.net:27017', tagSet=TagSet{[Tag{name='availabilityZone', value='aps1-az1'}, Tag{name='diskState', value='READY'}, Tag{name='nodeType', value='ELECTABLE'}, Tag{name='provider', value='AWS'}, Tag{name='region', value='AP_SOUTH_1'}, Tag{name='workloadType', value='OPERATIONAL'}]}, electionId=null, setVersion=310, topologyVersion=TopologyVersion{processId=6836ebee924473f51a5723ab, counter=5}, lastWriteDate=Mon Jun 02 01:11:02 IST 2025, lastUpdateTimeNanos=256423045356300}
01:11:03. 841 [cluster-ClusterId{value='683caccd202bf7bd263cd0ca', description='Cluster0'}-ac-yqfcj9y-shard-00-02.69ux2h8.mongodb.net:27017] INFO  org.mongodb.driver.cluster -- Discovered replica set primary ac-yqfcj9y-shard-00-02.69ux2h8.mongodb.net:27017 with max election id 7fffffff00000000000000fa and max set version 310
01:11:05. 746 [main] INFO  n.v.journalApp.JournalApplication -- Starting JournalApplication using Java 23.0.1 with PID 22336 (D:\journalApp\target\classes started by hp in D:\journalApp)
01:11:05. 755 [main] INFO  n.v.journalApp.JournalApplication -- No active profile set, falling back to 1 default profile: "default"
01:11:06. 861 [main] INFO  o.s.s.c.a.a.c.InitializeUserDetailsBeanManagerConfigurer$InitializeUserDetailsManagerConfigurer -- Global AuthenticationManager configured with UserDetailsService bean with name userDetailsServiceImpl
01:11:08. 486 [main] INFO  o.a.coyote.http11.Http11NioProtocol -- Starting ProtocolHandler ["http-nio-8080"]
01:11:08. 574 [main] INFO  o.s.b.w.e.tomcat.TomcatWebServer -- Tomcat started on port 8080 (http) with context path '/journal'
01:11:08. 606 [main] INFO  n.v.journalApp.JournalApplication -- Started JournalApplication in 17.623 seconds (process running for 20.097)
01:11:09. 253 [main] INFO  o.s.d.r.c.RepositoryConfigurationDelegate -- Bootstrapping Spring Data MongoDB repositories in DEFAULT mode.
01:11:09. 538 [main] INFO  o.s.d.r.c.RepositoryConfigurationDelegate -- Finished Spring Data repository scanning in 254 ms. Found 2 MongoDB repository interfaces.
01:11:11. 965 [main] INFO  o.s.b.w.e.tomcat.TomcatWebServer -- Tomcat initialized with port 8080 (http)
01:11:12. 010 [main] INFO  o.a.coyote.http11.Http11NioProtocol -- Initializing ProtocolHandler ["http-nio-8080"]
01:11:12. 020 [main] INFO  o.a.catalina.core.StandardService -- Starting service [Tomcat]
01:11:12. 021 [main] INFO  o.a.catalina.core.StandardEngine -- Starting Servlet engine: [Apache Tomcat/10.1.41]
01:11:12. 225 [main] INFO  o.a.c.c.C.[.[localhost].[/journal] -- Initializing Spring embedded WebApplicationContext
01:11:12. 228 [main] INFO  o.s.b.w.s.c.ServletWebServerApplicationContext -- Root WebApplicationContext: initialization completed in 6134 ms
01:11:13. 188 [cluster-ClusterId{value='683cacd94a1f6bd27fbd8dd8', description='Cluster0'}-srv-cluster0.69ux2h8.mongodb.net] INFO  org.mongodb.driver.cluster -- Adding discovered server ac-yqfcj9y-shard-00-00.69ux2h8.mongodb.net:27017 to client view of cluster
01:11:13. 346 [main] INFO  org.mongodb.driver.client -- MongoClient with metadata {"application": {"name": "Cluster0"}, "driver": {"name": "mongo-java-driver|sync|spring-boot", "version": "5.4.0"}, "os": {"type": "Windows", "name": "Windows 11", "architecture": "amd64", "version": "10.0"}, "platform": "Java/Oracle Corporation/23.0.1+11-39"} created with settings MongoClientSettings{readPreference=primary, writeConcern=WriteConcern{w=majority, wTimeout=null ms, journal=null}, retryWrites=true, retryReads=true, readConcern=ReadConcern{level=null}, credential=MongoCredential{mechanism=null, userName='aaddii', source='admin', password=<hidden>, mechanismProperties=<hidden>}, transportSettings=null, commandListeners=[], codecRegistry=ProvidersCodecRegistry{codecProviders=[ValueCodecProvider{}, BsonValueCodecProvider{}, DBRefCodecProvider{}, DBObjectCodecProvider{}, DocumentCodecProvider{}, CollectionCodecProvider{}, IterableCodecProvider{}, MapCodecProvider{}, GeoJsonCodecProvider{}, GridFSFileCodecProvider{}, Jsr310CodecProvider{}, JsonObjectCodecProvider{}, BsonCodecProvider{}, EnumCodecProvider{}, com.mongodb.client.model.mql.ExpressionCodecProvider@498a612d, com.mongodb.Jep395RecordCodecProvider@1e1237ab, com.mongodb.KotlinCodecProvider@4dfdfe7d]}, loggerSettings=LoggerSettings{maxDocumentLength=1000}, clusterSettings={hosts=[127.0.0.1:27017], srvHost=cluster0.69ux2h8.mongodb.net, srvServiceName=mongodb, mode=MULTIPLE, requiredClusterType=REPLICA_SET, requiredReplicaSetName='atlas-htbgzj-shard-0', serverSelector='null', clusterListeners='[]', serverSelectionTimeout='30000 ms', localThreshold='15 ms'}, socketSettings=SocketSettings{connectTimeoutMS=10000, readTimeoutMS=0, receiveBufferSize=0, proxySettings=ProxySettings{host=null, port=null, username=null, password=null}}, heartbeatSocketSettings=SocketSettings{connectTimeoutMS=10000, readTimeoutMS=10000, receiveBufferSize=0, proxySettings=ProxySettings{host=null, port=null, username=null, password=null}}, connectionPoolSettings=ConnectionPoolSettings{maxSize=100, minSize=0, maxWaitTimeMS=120000, maxConnectionLifeTimeMS=0, maxConnectionIdleTimeMS=0, maintenanceInitialDelayMS=0, maintenanceFrequencyMS=60000, connectionPoolListeners=[], maxConnecting=2}, serverSettings=ServerSettings{heartbeatFrequencyMS=10000, minHeartbeatFrequencyMS=500, serverMonitoringMode=AUTO, serverListeners='[]', serverMonitorListeners='[]'}, sslSettings=SslSettings{enabled=true, invalidHostNameAllowed=false, context=null}, applicationName='Cluster0', compressorList=[], uuidRepresentation=JAVA_LEGACY, serverApi=null, autoEncryptionSettings=null, dnsClient=null, inetAddressResolver=null, contextProvider=null, timeoutMS=null}
01:11:13. 382 [cluster-ClusterId{value='683cacd94a1f6bd27fbd8dd8', description='Cluster0'}-srv-cluster0.69ux2h8.mongodb.net] INFO  org.mongodb.driver.cluster -- Adding discovered server ac-yqfcj9y-shard-00-01.69ux2h8.mongodb.net:27017 to client view of cluster
01:11:13. 392 [cluster-ClusterId{value='683cacd94a1f6bd27fbd8dd8', description='Cluster0'}-srv-cluster0.69ux2h8.mongodb.net] INFO  org.mongodb.driver.cluster -- Adding discovered server ac-yqfcj9y-shard-00-02.69ux2h8.mongodb.net:27017 to client view of cluster
01:11:13. 764 [main] WARN  o.s.data.convert.CustomConversions -- Registering converter from interface java.util.List to interface org.springframework.data.domain.Vector as reading converter although it doesn't convert from a store-supported type; You might want to check your annotation setup at the converter implementation
01:11:14. 277 [main] WARN  o.s.data.convert.CustomConversions -- Registering converter from interface java.util.List to interface org.springframework.data.domain.Vector as reading converter although it doesn't convert from a store-supported type; You might want to check your annotation setup at the converter implementation
01:11:14. 792 [main] INFO  org.mongodb.driver.cluster -- Waiting for server to become available for operation with ID 5. Remaining time: 29968 ms. Selector: WritableServerSelector, topology description: {type=REPLICA_SET, servers=[{address=ac-yqfcj9y-shard-00-00.69ux2h8.mongodb.net:27017, type=UNKNOWN, state=CONNECTING}, {address=ac-yqfcj9y-shard-00-02.69ux2h8.mongodb.net:27017, type=UNKNOWN, state=CONNECTING}, {address=ac-yqfcj9y-shard-00-01.69ux2h8.mongodb.net:27017, type=UNKNOWN, state=CONNECTING}].
01:11:15. 263 [cluster-ClusterId{value='683cacd94a1f6bd27fbd8dd8', description='Cluster0'}-ac-yqfcj9y-shard-00-02.69ux2h8.mongodb.net:27017] INFO  org.mongodb.driver.cluster -- Monitor thread successfully connected to server with description ServerDescription{address=ac-yqfcj9y-shard-00-02.69ux2h8.mongodb.net:27017, type=REPLICA_SET_PRIMARY, cryptd=false, state=CONNECTED, ok=true, minWireVersion=0, maxWireVersion=25, maxDocumentSize=16777216, logicalSessionTimeoutMinutes=30, roundTripTimeNanos=1130388400, minRoundTripTimeNanos=0, setName='atlas-htbgzj-shard-0', canonicalAddress=ac-yqfcj9y-shard-00-02.69ux2h8.mongodb.net:27017, hosts=[ac-yqfcj9y-shard-00-00.69ux2h8.mongodb.net:27017, ac-yqfcj9y-shard-00-01.69ux2h8.mongodb.net:27017, ac-yqfcj9y-shard-00-02.69ux2h8.mongodb.net:27017], passives=[], arbiters=[], primary='ac-yqfcj9y-shard-00-02.69ux2h8.mongodb.net:27017', tagSet=TagSet{[Tag{name='availabilityZone', value='aps1-az2'}, Tag{name='diskState', value='READY'}, Tag{name='nodeType', value='ELECTABLE'}, Tag{name='provider', value='AWS'}, Tag{name='region', value='AP_SOUTH_1'}, Tag{name='workloadType', value='OPERATIONAL'}]}, electionId=7fffffff00000000000000fa, setVersion=310, topologyVersion=TopologyVersion{processId=6836eb408a25f210d16d93ce, counter=9}, lastWriteDate=Mon Jun 02 01:11:13 IST 2025, lastUpdateTimeNanos=256434509169400}
01:11:15. 263 [cluster-ClusterId{value='683cacd94a1f6bd27fbd8dd8', description='Cluster0'}-ac-yqfcj9y-shard-00-01.69ux2h8.mongodb.net:27017] INFO  org.mongodb.driver.cluster -- Monitor thread successfully connected to server with description ServerDescription{address=ac-yqfcj9y-shard-00-01.69ux2h8.mongodb.net:27017, type=REPLICA_SET_SECONDARY, cryptd=false, state=CONNECTED, ok=true, minWireVersion=0, maxWireVersion=25, maxDocumentSize=16777216, logicalSessionTimeoutMinutes=30, roundTripTimeNanos=1135498200, minRoundTripTimeNanos=0, setName='atlas-htbgzj-shard-0', canonicalAddress=ac-yqfcj9y-shard-00-01.69ux2h8.mongodb.net:27017, hosts=[ac-yqfcj9y-shard-00-00.69ux2h8.mongodb.net:27017, ac-yqfcj9y-shard-00-01.69ux2h8.mongodb.net:27017, ac-yqfcj9y-shard-00-02.69ux2h8.mongodb.net:27017], passives=[], arbiters=[], primary='ac-yqfcj9y-shard-00-02.69ux2h8.mongodb.net:27017', tagSet=TagSet{[Tag{name='availabilityZone', value='aps1-az3'}, Tag{name='diskState', value='READY'}, Tag{name='nodeType', value='ELECTABLE'}, Tag{name='provider', value='AWS'}, Tag{name='region', value='AP_SOUTH_1'}, Tag{name='workloadType', value='OPERATIONAL'}]}, electionId=null, setVersion=310, topologyVersion=TopologyVersion{processId=6836ed55dfa0b15da0299ea2, counter=5}, lastWriteDate=Mon Jun 02 01:11:13 IST 2025, lastUpdateTimeNanos=256434509169300}
01:11:15. 263 [cluster-ClusterId{value='683cacd94a1f6bd27fbd8dd8', description='Cluster0'}-ac-yqfcj9y-shard-00-00.69ux2h8.mongodb.net:27017] INFO  org.mongodb.driver.cluster -- Monitor thread successfully connected to server with description ServerDescription{address=ac-yqfcj9y-shard-00-00.69ux2h8.mongodb.net:27017, type=REPLICA_SET_SECONDARY, cryptd=false, state=CONNECTED, ok=true, minWireVersion=0, maxWireVersion=25, maxDocumentSize=16777216, logicalSessionTimeoutMinutes=30, roundTripTimeNanos=1064251900, minRoundTripTimeNanos=0, setName='atlas-htbgzj-shard-0', canonicalAddress=ac-yqfcj9y-shard-00-00.69ux2h8.mongodb.net:27017, hosts=[ac-yqfcj9y-shard-00-00.69ux2h8.mongodb.net:27017, ac-yqfcj9y-shard-00-01.69ux2h8.mongodb.net:27017, ac-yqfcj9y-shard-00-02.69ux2h8.mongodb.net:27017], passives=[], arbiters=[], primary='ac-yqfcj9y-shard-00-02.69ux2h8.mongodb.net:27017', tagSet=TagSet{[Tag{name='availabilityZone', value='aps1-az1'}, Tag{name='diskState', value='READY'}, Tag{name='nodeType', value='ELECTABLE'}, Tag{name='provider', value='AWS'}, Tag{name='region', value='AP_SOUTH_1'}, Tag{name='workloadType', value='OPERATIONAL'}]}, electionId=null, setVersion=310, topologyVersion=TopologyVersion{processId=6836ebee924473f51a5723ab, counter=5}, lastWriteDate=Mon Jun 02 01:11:13 IST 2025, lastUpdateTimeNanos=256434509220900}
01:11:15. 282 [cluster-ClusterId{value='683cacd94a1f6bd27fbd8dd8', description='Cluster0'}-ac-yqfcj9y-shard-00-02.69ux2h8.mongodb.net:27017] INFO  org.mongodb.driver.cluster -- Discovered replica set primary ac-yqfcj9y-shard-00-02.69ux2h8.mongodb.net:27017 with max election id 7fffffff00000000000000fa and max set version 310
01:11:17. 255 [main] INFO  o.s.s.c.a.a.c.InitializeUserDetailsBeanManagerConfigurer$InitializeUserDetailsManagerConfigurer -- Global AuthenticationManager configured with UserDetailsService bean with name userDetailsServiceImpl
01:11:18. 382 [main] INFO  o.a.coyote.http11.Http11NioProtocol -- Starting ProtocolHandler ["http-nio-8080"]
01:11:18. 398 [main] WARN  o.s.b.w.s.c.AnnotationConfigServletWebServerApplicationContext -- Exception encountered during context initialization - cancelling refresh attempt: org.springframework.context.ApplicationContextException: Failed to start bean 'webServerStartStop'
01:11:18. 508 [main] INFO  o.s.b.a.l.ConditionEvaluationReportLogger -- 

Error starting ApplicationContext. To display the condition evaluation report re-run your application with 'debug' enabled.
01:11:18. 600 [main] ERROR o.s.b.d.LoggingFailureAnalysisReporter -- 

***************************
APPLICATION FAILED TO START
***************************

Description:

Web server failed to start. Port 8080 was already in use.

Action:

Identify and stop the process that's listening on port 8080 or configure this application to listen on another port.

01:12:04. 938 [SpringApplicationShutdownHook] INFO  o.s.b.w.e.tomcat.GracefulShutdown -- Commencing graceful shutdown. Waiting for active requests to complete
01:12:04. 972 [tomcat-shutdown] INFO  o.s.b.w.e.tomcat.GracefulShutdown -- Graceful shutdown complete
01:12:13. 639 [main] INFO  n.v.journalApp.JournalApplication -- Starting JournalApplication using Java 23.0.1 with PID 16844 (D:\journalApp\target\classes started by hp in D:\journalApp)
01:12:13. 648 [main] INFO  n.v.journalApp.JournalApplication -- No active profile set, falling back to 1 default profile: "default"
01:12:15. 469 [main] INFO  o.s.d.r.c.RepositoryConfigurationDelegate -- Bootstrapping Spring Data MongoDB repositories in DEFAULT mode.
01:12:15. 624 [main] INFO  o.s.d.r.c.RepositoryConfigurationDelegate -- Finished Spring Data repository scanning in 134 ms. Found 2 MongoDB repository interfaces.
01:12:16. 841 [main] INFO  o.s.b.w.e.tomcat.TomcatWebServer -- Tomcat initialized with port 8080 (http)
01:12:16. 866 [main] INFO  o.a.coyote.http11.Http11NioProtocol -- Initializing ProtocolHandler ["http-nio-8080"]
01:12:16. 872 [main] INFO  o.a.catalina.core.StandardService -- Starting service [Tomcat]
01:12:16. 873 [main] INFO  o.a.catalina.core.StandardEngine -- Starting Servlet engine: [Apache Tomcat/10.1.41]
01:12:16. 994 [main] INFO  o.a.c.c.C.[.[localhost].[/journal] -- Initializing Spring embedded WebApplicationContext
01:12:16. 996 [main] INFO  o.s.b.w.s.c.ServletWebServerApplicationContext -- Root WebApplicationContext: initialization completed in 3185 ms
01:12:17. 671 [cluster-ClusterId{value='683cad19701638eab2782865', description='Cluster0'}-srv-cluster0.69ux2h8.mongodb.net] INFO  org.mongodb.driver.cluster -- Adding discovered server ac-yqfcj9y-shard-00-00.69ux2h8.mongodb.net:27017 to client view of cluster
01:12:17. 786 [main] INFO  org.mongodb.driver.client -- MongoClient with metadata {"application": {"name": "Cluster0"}, "driver": {"name": "mongo-java-driver|sync|spring-boot", "version": "5.4.0"}, "os": {"type": "Windows", "name": "Windows 11", "architecture": "amd64", "version": "10.0"}, "platform": "Java/Oracle Corporation/23.0.1+11-39"} created with settings MongoClientSettings{readPreference=primary, writeConcern=WriteConcern{w=majority, wTimeout=null ms, journal=null}, retryWrites=true, retryReads=true, readConcern=ReadConcern{level=null}, credential=MongoCredential{mechanism=null, userName='aaddii', source='admin', password=<hidden>, mechanismProperties=<hidden>}, transportSettings=null, commandListeners=[], codecRegistry=ProvidersCodecRegistry{codecProviders=[ValueCodecProvider{}, BsonValueCodecProvider{}, DBRefCodecProvider{}, DBObjectCodecProvider{}, DocumentCodecProvider{}, CollectionCodecProvider{}, IterableCodecProvider{}, MapCodecProvider{}, GeoJsonCodecProvider{}, GridFSFileCodecProvider{}, Jsr310CodecProvider{}, JsonObjectCodecProvider{}, BsonCodecProvider{}, EnumCodecProvider{}, com.mongodb.client.model.mql.ExpressionCodecProvider@4a89ef44, com.mongodb.Jep395RecordCodecProvider@310a7859, com.mongodb.KotlinCodecProvider@1cbc1dde]}, loggerSettings=LoggerSettings{maxDocumentLength=1000}, clusterSettings={hosts=[127.0.0.1:27017], srvHost=cluster0.69ux2h8.mongodb.net, srvServiceName=mongodb, mode=MULTIPLE, requiredClusterType=REPLICA_SET, requiredReplicaSetName='atlas-htbgzj-shard-0', serverSelector='null', clusterListeners='[]', serverSelectionTimeout='30000 ms', localThreshold='15 ms'}, socketSettings=SocketSettings{connectTimeoutMS=10000, readTimeoutMS=0, receiveBufferSize=0, proxySettings=ProxySettings{host=null, port=null, username=null, password=null}}, heartbeatSocketSettings=SocketSettings{connectTimeoutMS=10000, readTimeoutMS=10000, receiveBufferSize=0, proxySettings=ProxySettings{host=null, port=null, username=null, password=null}}, connectionPoolSettings=ConnectionPoolSettings{maxSize=100, minSize=0, maxWaitTimeMS=120000, maxConnectionLifeTimeMS=0, maxConnectionIdleTimeMS=0, maintenanceInitialDelayMS=0, maintenanceFrequencyMS=60000, connectionPoolListeners=[], maxConnecting=2}, serverSettings=ServerSettings{heartbeatFrequencyMS=10000, minHeartbeatFrequencyMS=500, serverMonitoringMode=AUTO, serverListeners='[]', serverMonitorListeners='[]'}, sslSettings=SslSettings{enabled=true, invalidHostNameAllowed=false, context=null}, applicationName='Cluster0', compressorList=[], uuidRepresentation=JAVA_LEGACY, serverApi=null, autoEncryptionSettings=null, dnsClient=null, inetAddressResolver=null, contextProvider=null, timeoutMS=null}
01:12:17. 806 [cluster-ClusterId{value='683cad19701638eab2782865', description='Cluster0'}-srv-cluster0.69ux2h8.mongodb.net] INFO  org.mongodb.driver.cluster -- Adding discovered server ac-yqfcj9y-shard-00-01.69ux2h8.mongodb.net:27017 to client view of cluster
01:12:17. 811 [cluster-ClusterId{value='683cad19701638eab2782865', description='Cluster0'}-srv-cluster0.69ux2h8.mongodb.net] INFO  org.mongodb.driver.cluster -- Adding discovered server ac-yqfcj9y-shard-00-02.69ux2h8.mongodb.net:27017 to client view of cluster
01:12:18. 164 [main] WARN  o.s.data.convert.CustomConversions -- Registering converter from interface java.util.List to interface org.springframework.data.domain.Vector as reading converter although it doesn't convert from a store-supported type; You might want to check your annotation setup at the converter implementation
01:12:18. 507 [main] WARN  o.s.data.convert.CustomConversions -- Registering converter from interface java.util.List to interface org.springframework.data.domain.Vector as reading converter although it doesn't convert from a store-supported type; You might want to check your annotation setup at the converter implementation
01:12:18. 913 [main] INFO  org.mongodb.driver.cluster -- Waiting for server to become available for operation with ID 5. Remaining time: 29966 ms. Selector: WritableServerSelector, topology description: {type=REPLICA_SET, servers=[{address=ac-yqfcj9y-shard-00-00.69ux2h8.mongodb.net:27017, type=UNKNOWN, state=CONNECTING}, {address=ac-yqfcj9y-shard-00-02.69ux2h8.mongodb.net:27017, type=UNKNOWN, state=CONNECTING}, {address=ac-yqfcj9y-shard-00-01.69ux2h8.mongodb.net:27017, type=UNKNOWN, state=CONNECTING}].
01:12:19. 113 [cluster-ClusterId{value='683cad19701638eab2782865', description='Cluster0'}-ac-yqfcj9y-shard-00-01.69ux2h8.mongodb.net:27017] INFO  org.mongodb.driver.cluster -- Monitor thread successfully connected to server with description ServerDescription{address=ac-yqfcj9y-shard-00-01.69ux2h8.mongodb.net:27017, type=REPLICA_SET_SECONDARY, cryptd=false, state=CONNECTED, ok=true, minWireVersion=0, maxWireVersion=25, maxDocumentSize=16777216, logicalSessionTimeoutMinutes=30, roundTripTimeNanos=772421500, minRoundTripTimeNanos=0, setName='atlas-htbgzj-shard-0', canonicalAddress=ac-yqfcj9y-shard-00-01.69ux2h8.mongodb.net:27017, hosts=[ac-yqfcj9y-shard-00-00.69ux2h8.mongodb.net:27017, ac-yqfcj9y-shard-00-01.69ux2h8.mongodb.net:27017, ac-yqfcj9y-shard-00-02.69ux2h8.mongodb.net:27017], passives=[], arbiters=[], primary='ac-yqfcj9y-shard-00-02.69ux2h8.mongodb.net:27017', tagSet=TagSet{[Tag{name='availabilityZone', value='aps1-az3'}, Tag{name='diskState', value='READY'}, Tag{name='nodeType', value='ELECTABLE'}, Tag{name='provider', value='AWS'}, Tag{name='region', value='AP_SOUTH_1'}, Tag{name='workloadType', value='OPERATIONAL'}]}, electionId=null, setVersion=310, topologyVersion=TopologyVersion{processId=6836ed55dfa0b15da0299ea2, counter=5}, lastWriteDate=Mon Jun 02 01:12:17 IST 2025, lastUpdateTimeNanos=256498360107200}
01:12:19. 113 [cluster-ClusterId{value='683cad19701638eab2782865', description='Cluster0'}-ac-yqfcj9y-shard-00-02.69ux2h8.mongodb.net:27017] INFO  org.mongodb.driver.cluster -- Monitor thread successfully connected to server with description ServerDescription{address=ac-yqfcj9y-shard-00-02.69ux2h8.mongodb.net:27017, type=REPLICA_SET_PRIMARY, cryptd=false, state=CONNECTED, ok=true, minWireVersion=0, maxWireVersion=25, maxDocumentSize=16777216, logicalSessionTimeoutMinutes=30, roundTripTimeNanos=772423900, minRoundTripTimeNanos=0, setName='atlas-htbgzj-shard-0', canonicalAddress=ac-yqfcj9y-shard-00-02.69ux2h8.mongodb.net:27017, hosts=[ac-yqfcj9y-shard-00-00.69ux2h8.mongodb.net:27017, ac-yqfcj9y-shard-00-01.69ux2h8.mongodb.net:27017, ac-yqfcj9y-shard-00-02.69ux2h8.mongodb.net:27017], passives=[], arbiters=[], primary='ac-yqfcj9y-shard-00-02.69ux2h8.mongodb.net:27017', tagSet=TagSet{[Tag{name='availabilityZone', value='aps1-az2'}, Tag{name='diskState', value='READY'}, Tag{name='nodeType', value='ELECTABLE'}, Tag{name='provider', value='AWS'}, Tag{name='region', value='AP_SOUTH_1'}, Tag{name='workloadType', value='OPERATIONAL'}]}, electionId=7fffffff00000000000000fa, setVersion=310, topologyVersion=TopologyVersion{processId=6836eb408a25f210d16d93ce, counter=9}, lastWriteDate=Mon Jun 02 01:12:17 IST 2025, lastUpdateTimeNanos=256498360107200}
01:12:19. 113 [cluster-ClusterId{value='683cad19701638eab2782865', description='Cluster0'}-ac-yqfcj9y-shard-00-00.69ux2h8.mongodb.net:27017] INFO  org.mongodb.driver.cluster -- Monitor thread successfully connected to server with description ServerDescription{address=ac-yqfcj9y-shard-00-00.69ux2h8.mongodb.net:27017, type=REPLICA_SET_SECONDARY, cryptd=false, state=CONNECTED, ok=true, minWireVersion=0, maxWireVersion=25, maxDocumentSize=16777216, logicalSessionTimeoutMinutes=30, roundTripTimeNanos=772424200, minRoundTripTimeNanos=0, setName='atlas-htbgzj-shard-0', canonicalAddress=ac-yqfcj9y-shard-00-00.69ux2h8.mongodb.net:27017, hosts=[ac-yqfcj9y-shard-00-00.69ux2h8.mongodb.net:27017, ac-yqfcj9y-shard-00-01.69ux2h8.mongodb.net:27017, ac-yqfcj9y-shard-00-02.69ux2h8.mongodb.net:27017], passives=[], arbiters=[], primary='ac-yqfcj9y-shard-00-02.69ux2h8.mongodb.net:27017', tagSet=TagSet{[Tag{name='availabilityZone', value='aps1-az1'}, Tag{name='diskState', value='READY'}, Tag{name='nodeType', value='ELECTABLE'}, Tag{name='provider', value='AWS'}, Tag{name='region', value='AP_SOUTH_1'}, Tag{name='workloadType', value='OPERATIONAL'}]}, electionId=null, setVersion=310, topologyVersion=TopologyVersion{processId=6836ebee924473f51a5723ab, counter=5}, lastWriteDate=Mon Jun 02 01:12:17 IST 2025, lastUpdateTimeNanos=256498360107200}
01:12:19. 131 [cluster-ClusterId{value='683cad19701638eab2782865', description='Cluster0'}-ac-yqfcj9y-shard-00-02.69ux2h8.mongodb.net:27017] INFO  org.mongodb.driver.cluster -- Discovered replica set primary ac-yqfcj9y-shard-00-02.69ux2h8.mongodb.net:27017 with max election id 7fffffff00000000000000fa and max set version 310
01:12:20. 602 [main] INFO  o.s.s.c.a.a.c.InitializeUserDetailsBeanManagerConfigurer$InitializeUserDetailsManagerConfigurer -- Global AuthenticationManager configured with UserDetailsService bean with name userDetailsServiceImpl
01:12:21. 660 [main] INFO  o.a.coyote.http11.Http11NioProtocol -- Starting ProtocolHandler ["http-nio-8080"]
01:12:21. 694 [main] INFO  o.s.b.w.e.tomcat.TomcatWebServer -- Tomcat started on port 8080 (http) with context path '/journal'
01:12:21. 712 [main] INFO  n.v.journalApp.JournalApplication -- Started JournalApplication in 9.128 seconds (process running for 10.446)
01:58:39. 433 [SpringApplicationShutdownHook] INFO  o.s.b.w.e.tomcat.GracefulShutdown -- Commencing graceful shutdown. Waiting for active requests to complete
01:58:39. 493 [tomcat-shutdown] INFO  o.s.b.w.e.tomcat.GracefulShutdown -- Graceful shutdown complete
18:52:57. 062 [main] INFO  n.v.journalApp.JournalApplication -- Starting JournalApplication using Java 23.0.1 with PID 21812 (D:\journalApp\target\classes started by hp in D:\journalApp)
18:52:57. 075 [main] INFO  n.v.journalApp.JournalApplication -- No active profile set, falling back to 1 default profile: "default"
18:52:59. 947 [main] INFO  o.s.d.r.c.RepositoryConfigurationDelegate -- Bootstrapping Spring Data MongoDB repositories in DEFAULT mode.
18:53:00. 187 [main] INFO  o.s.d.r.c.RepositoryConfigurationDelegate -- Finished Spring Data repository scanning in 213 ms. Found 2 MongoDB repository interfaces.
18:53:01. 988 [main] INFO  o.s.b.w.e.tomcat.TomcatWebServer -- Tomcat initialized with port 8080 (http)
18:53:02. 046 [main] INFO  o.a.coyote.http11.Http11NioProtocol -- Initializing ProtocolHandler ["http-nio-8080"]
18:53:02. 055 [main] INFO  o.a.catalina.core.StandardService -- Starting service [Tomcat]
18:53:02. 055 [main] INFO  o.a.catalina.core.StandardEngine -- Starting Servlet engine: [Apache Tomcat/10.1.41]
18:53:02. 270 [main] INFO  o.a.c.c.C.[.[localhost].[/journal] -- Initializing Spring embedded WebApplicationContext
18:53:02. 276 [main] INFO  o.s.b.w.s.c.ServletWebServerApplicationContext -- Root WebApplicationContext: initialization completed in 4907 ms
18:53:03. 360 [cluster-ClusterId{value='683da5b7456f520059bdda4f', description='Cluster0'}-srv-cluster0.69ux2h8.mongodb.net] INFO  org.mongodb.driver.cluster -- Adding discovered server ac-yqfcj9y-shard-00-00.69ux2h8.mongodb.net:27017 to client view of cluster
18:53:03. 468 [main] INFO  org.mongodb.driver.client -- MongoClient with metadata {"application": {"name": "Cluster0"}, "driver": {"name": "mongo-java-driver|sync|spring-boot", "version": "5.4.0"}, "os": {"type": "Windows", "name": "Windows 11", "architecture": "amd64", "version": "10.0"}, "platform": "Java/Oracle Corporation/23.0.1+11-39"} created with settings MongoClientSettings{readPreference=primary, writeConcern=WriteConcern{w=majority, wTimeout=null ms, journal=null}, retryWrites=true, retryReads=true, readConcern=ReadConcern{level=null}, credential=MongoCredential{mechanism=null, userName='aaddii', source='admin', password=<hidden>, mechanismProperties=<hidden>}, transportSettings=null, commandListeners=[], codecRegistry=ProvidersCodecRegistry{codecProviders=[ValueCodecProvider{}, BsonValueCodecProvider{}, DBRefCodecProvider{}, DBObjectCodecProvider{}, DocumentCodecProvider{}, CollectionCodecProvider{}, IterableCodecProvider{}, MapCodecProvider{}, GeoJsonCodecProvider{}, GridFSFileCodecProvider{}, Jsr310CodecProvider{}, JsonObjectCodecProvider{}, BsonCodecProvider{}, EnumCodecProvider{}, com.mongodb.client.model.mql.ExpressionCodecProvider@f613067, com.mongodb.Jep395RecordCodecProvider@c1e14f, com.mongodb.KotlinCodecProvider@226de93c]}, loggerSettings=LoggerSettings{maxDocumentLength=1000}, clusterSettings={hosts=[127.0.0.1:27017], srvHost=cluster0.69ux2h8.mongodb.net, srvServiceName=mongodb, mode=MULTIPLE, requiredClusterType=REPLICA_SET, requiredReplicaSetName='atlas-htbgzj-shard-0', serverSelector='null', clusterListeners='[]', serverSelectionTimeout='30000 ms', localThreshold='15 ms'}, socketSettings=SocketSettings{connectTimeoutMS=10000, readTimeoutMS=0, receiveBufferSize=0, proxySettings=ProxySettings{host=null, port=null, username=null, password=null}}, heartbeatSocketSettings=SocketSettings{connectTimeoutMS=10000, readTimeoutMS=10000, receiveBufferSize=0, proxySettings=ProxySettings{host=null, port=null, username=null, password=null}}, connectionPoolSettings=ConnectionPoolSettings{maxSize=100, minSize=0, maxWaitTimeMS=120000, maxConnectionLifeTimeMS=0, maxConnectionIdleTimeMS=0, maintenanceInitialDelayMS=0, maintenanceFrequencyMS=60000, connectionPoolListeners=[], maxConnecting=2}, serverSettings=ServerSettings{heartbeatFrequencyMS=10000, minHeartbeatFrequencyMS=500, serverMonitoringMode=AUTO, serverListeners='[]', serverMonitorListeners='[]'}, sslSettings=SslSettings{enabled=true, invalidHostNameAllowed=false, context=null}, applicationName='Cluster0', compressorList=[], uuidRepresentation=JAVA_LEGACY, serverApi=null, autoEncryptionSettings=null, dnsClient=null, inetAddressResolver=null, contextProvider=null, timeoutMS=null}
18:53:03. 489 [cluster-ClusterId{value='683da5b7456f520059bdda4f', description='Cluster0'}-srv-cluster0.69ux2h8.mongodb.net] INFO  org.mongodb.driver.cluster -- Adding discovered server ac-yqfcj9y-shard-00-01.69ux2h8.mongodb.net:27017 to client view of cluster
18:53:03. 497 [cluster-ClusterId{value='683da5b7456f520059bdda4f', description='Cluster0'}-srv-cluster0.69ux2h8.mongodb.net] INFO  org.mongodb.driver.cluster -- Adding discovered server ac-yqfcj9y-shard-00-02.69ux2h8.mongodb.net:27017 to client view of cluster
18:53:03. 840 [main] WARN  o.s.data.convert.CustomConversions -- Registering converter from interface java.util.List to interface org.springframework.data.domain.Vector as reading converter although it doesn't convert from a store-supported type; You might want to check your annotation setup at the converter implementation
18:53:04. 294 [main] WARN  o.s.data.convert.CustomConversions -- Registering converter from interface java.util.List to interface org.springframework.data.domain.Vector as reading converter although it doesn't convert from a store-supported type; You might want to check your annotation setup at the converter implementation
18:53:04. 658 [main] INFO  org.mongodb.driver.cluster -- Waiting for server to become available for operation with ID 5. Remaining time: 29970 ms. Selector: WritableServerSelector, topology description: {type=REPLICA_SET, servers=[{address=ac-yqfcj9y-shard-00-00.69ux2h8.mongodb.net:27017, type=UNKNOWN, state=CONNECTING}, {address=ac-yqfcj9y-shard-00-02.69ux2h8.mongodb.net:27017, type=UNKNOWN, state=CONNECTING}, {address=ac-yqfcj9y-shard-00-01.69ux2h8.mongodb.net:27017, type=UNKNOWN, state=CONNECTING}].
18:53:05. 355 [cluster-ClusterId{value='683da5b7456f520059bdda4f', description='Cluster0'}-ac-yqfcj9y-shard-00-00.69ux2h8.mongodb.net:27017] INFO  org.mongodb.driver.cluster -- Monitor thread successfully connected to server with description ServerDescription{address=ac-yqfcj9y-shard-00-00.69ux2h8.mongodb.net:27017, type=REPLICA_SET_SECONDARY, cryptd=false, state=CONNECTED, ok=true, minWireVersion=0, maxWireVersion=25, maxDocumentSize=16777216, logicalSessionTimeoutMinutes=30, roundTripTimeNanos=904307000, minRoundTripTimeNanos=0, setName='atlas-htbgzj-shard-0', canonicalAddress=ac-yqfcj9y-shard-00-00.69ux2h8.mongodb.net:27017, hosts=[ac-yqfcj9y-shard-00-00.69ux2h8.mongodb.net:27017, ac-yqfcj9y-shard-00-01.69ux2h8.mongodb.net:27017, ac-yqfcj9y-shard-00-02.69ux2h8.mongodb.net:27017], passives=[], arbiters=[], primary='ac-yqfcj9y-shard-00-02.69ux2h8.mongodb.net:27017', tagSet=TagSet{[Tag{name='availabilityZone', value='aps1-az1'}, Tag{name='diskState', value='READY'}, Tag{name='nodeType', value='ELECTABLE'}, Tag{name='provider', value='AWS'}, Tag{name='region', value='AP_SOUTH_1'}, Tag{name='workloadType', value='OPERATIONAL'}]}, electionId=null, setVersion=310, topologyVersion=TopologyVersion{processId=6836ebee924473f51a5723ab, counter=5}, lastWriteDate=Mon Jun 02 18:53:05 IST 2025, lastUpdateTimeNanos=320148361433000}
18:53:05. 355 [cluster-ClusterId{value='683da5b7456f520059bdda4f', description='Cluster0'}-ac-yqfcj9y-shard-00-01.69ux2h8.mongodb.net:27017] INFO  org.mongodb.driver.cluster -- Monitor thread successfully connected to server with description ServerDescription{address=ac-yqfcj9y-shard-00-01.69ux2h8.mongodb.net:27017, type=REPLICA_SET_SECONDARY, cryptd=false, state=CONNECTED, ok=true, minWireVersion=0, maxWireVersion=25, maxDocumentSize=16777216, logicalSessionTimeoutMinutes=30, roundTripTimeNanos=904346600, minRoundTripTimeNanos=0, setName='atlas-htbgzj-shard-0', canonicalAddress=ac-yqfcj9y-shard-00-01.69ux2h8.mongodb.net:27017, hosts=[ac-yqfcj9y-shard-00-00.69ux2h8.mongodb.net:27017, ac-yqfcj9y-shard-00-01.69ux2h8.mongodb.net:27017, ac-yqfcj9y-shard-00-02.69ux2h8.mongodb.net:27017], passives=[], arbiters=[], primary='ac-yqfcj9y-shard-00-02.69ux2h8.mongodb.net:27017', tagSet=TagSet{[Tag{name='availabilityZone', value='aps1-az3'}, Tag{name='diskState', value='READY'}, Tag{name='nodeType', value='ELECTABLE'}, Tag{name='provider', value='AWS'}, Tag{name='region', value='AP_SOUTH_1'}, Tag{name='workloadType', value='OPERATIONAL'}]}, electionId=null, setVersion=310, topologyVersion=TopologyVersion{processId=6836ed55dfa0b15da0299ea2, counter=5}, lastWriteDate=Mon Jun 02 18:53:05 IST 2025, lastUpdateTimeNanos=320148361433000}
18:53:05. 355 [cluster-ClusterId{value='683da5b7456f520059bdda4f', description='Cluster0'}-ac-yqfcj9y-shard-00-02.69ux2h8.mongodb.net:27017] INFO  org.mongodb.driver.cluster -- Monitor thread successfully connected to server with description ServerDescription{address=ac-yqfcj9y-shard-00-02.69ux2h8.mongodb.net:27017, type=REPLICA_SET_PRIMARY, cryptd=false, state=CONNECTED, ok=true, minWireVersion=0, maxWireVersion=25, maxDocumentSize=16777216, logicalSessionTimeoutMinutes=30, roundTripTimeNanos=904550200, minRoundTripTimeNanos=0, setName='atlas-htbgzj-shard-0', canonicalAddress=ac-yqfcj9y-shard-00-02.69ux2h8.mongodb.net:27017, hosts=[ac-yqfcj9y-shard-00-00.69ux2h8.mongodb.net:27017, ac-yqfcj9y-shard-00-01.69ux2h8.mongodb.net:27017, ac-yqfcj9y-shard-00-02.69ux2h8.mongodb.net:27017], passives=[], arbiters=[], primary='ac-yqfcj9y-shard-00-02.69ux2h8.mongodb.net:27017', tagSet=TagSet{[Tag{name='availabilityZone', value='aps1-az2'}, Tag{name='diskState', value='READY'}, Tag{name='nodeType', value='ELECTABLE'}, Tag{name='provider', value='AWS'}, Tag{name='region', value='AP_SOUTH_1'}, Tag{name='workloadType', value='OPERATIONAL'}]}, electionId=7fffffff00000000000000fa, setVersion=310, topologyVersion=TopologyVersion{processId=6836eb408a25f210d16d93ce, counter=9}, lastWriteDate=Mon Jun 02 18:53:05 IST 2025, lastUpdateTimeNanos=320148361506900}
18:53:05. 383 [cluster-ClusterId{value='683da5b7456f520059bdda4f', description='Cluster0'}-ac-yqfcj9y-shard-00-02.69ux2h8.mongodb.net:27017] INFO  org.mongodb.driver.cluster -- Discovered replica set primary ac-yqfcj9y-shard-00-02.69ux2h8.mongodb.net:27017 with max election id 7fffffff00000000000000fa and max set version 310
18:53:09. 001 [main] INFO  o.s.s.c.a.a.c.InitializeUserDetailsBeanManagerConfigurer$InitializeUserDetailsManagerConfigurer -- Global AuthenticationManager configured with UserDetailsService bean with name userDetailsServiceImpl
18:53:10. 473 [main] INFO  o.a.coyote.http11.Http11NioProtocol -- Starting ProtocolHandler ["http-nio-8080"]
18:53:10. 522 [main] INFO  o.s.b.w.e.tomcat.TomcatWebServer -- Tomcat started on port 8080 (http) with context path '/journal'
18:53:10. 547 [main] INFO  n.v.journalApp.JournalApplication -- Started JournalApplication in 15.737 seconds (process running for 18.606)
18:56:06. 019 [cluster-ClusterId{value='683da5b7456f520059bdda4f', description='Cluster0'}-ac-yqfcj9y-shard-00-01.69ux2h8.mongodb.net:27017] INFO  org.mongodb.driver.cluster -- Exception in monitor thread while connecting to server ac-yqfcj9y-shard-00-01.69ux2h8.mongodb.net:27017
com.mongodb.MongoSocketReadTimeoutException: Timeout while receiving message
	at com.mongodb.internal.connection.InternalStreamConnection.createReadTimeoutException(InternalStreamConnection.java:819)
	at com.mongodb.internal.connection.InternalStreamConnection.translateReadException(InternalStreamConnection.java:807)
	at com.mongodb.internal.connection.InternalStreamConnection.receiveResponseBuffers(InternalStreamConnection.java:857)
	at com.mongodb.internal.connection.InternalStreamConnection.receiveCommandMessageResponse(InternalStreamConnection.java:517)
	at com.mongodb.internal.connection.InternalStreamConnection.receive(InternalStreamConnection.java:469)
	at com.mongodb.internal.connection.DefaultServerMonitor$ServerMonitor.lookupServerDescription(DefaultServerMonitor.java:249)
	at com.mongodb.internal.connection.DefaultServerMonitor$ServerMonitor.run(DefaultServerMonitor.java:176)
Caused by: java.net.SocketTimeoutException: Read timed out
	at java.base/sun.nio.ch.NioSocketImpl.timedRead(NioSocketImpl.java:278)
	at java.base/sun.nio.ch.NioSocketImpl.implRead(NioSocketImpl.java:304)
	at java.base/sun.nio.ch.NioSocketImpl.read(NioSocketImpl.java:346)
	at java.base/sun.nio.ch.NioSocketImpl$1.read(NioSocketImpl.java:796)
	at java.base/java.net.Socket$SocketInputStream.implRead(Socket.java:1116)
	at java.base/java.net.Socket$SocketInputStream.read(Socket.java:1103)
	at java.base/sun.security.ssl.SSLSocketInputRecord.read(SSLSocketInputRecord.java:489)
	at java.base/sun.security.ssl.SSLSocketInputRecord.readHeader(SSLSocketInputRecord.java:483)
	at java.base/sun.security.ssl.SSLSocketInputRecord.bytesInCompletePacket(SSLSocketInputRecord.java:70)
	at java.base/sun.security.ssl.SSLSocketImpl.readApplicationRecord(SSLSocketImpl.java:1462)
	at java.base/sun.security.ssl.SSLSocketImpl$AppInputStream.read(SSLSocketImpl.java:1068)
	at com.mongodb.internal.connection.SocketStream.read(SocketStream.java:182)
	at com.mongodb.internal.connection.InternalStreamConnection.receiveResponseBuffers(InternalStreamConnection.java:824)
	... 4 common frames omitted
18:56:06. 019 [cluster-ClusterId{value='683da5b7456f520059bdda4f', description='Cluster0'}-ac-yqfcj9y-shard-00-00.69ux2h8.mongodb.net:27017] INFO  org.mongodb.driver.cluster -- Exception in monitor thread while connecting to server ac-yqfcj9y-shard-00-00.69ux2h8.mongodb.net:27017
com.mongodb.MongoSocketReadTimeoutException: Timeout while receiving message
	at com.mongodb.internal.connection.InternalStreamConnection.createReadTimeoutException(InternalStreamConnection.java:819)
	at com.mongodb.internal.connection.InternalStreamConnection.translateReadException(InternalStreamConnection.java:807)
	at com.mongodb.internal.connection.InternalStreamConnection.receiveResponseBuffers(InternalStreamConnection.java:857)
	at com.mongodb.internal.connection.InternalStreamConnection.receiveCommandMessageResponse(InternalStreamConnection.java:517)
	at com.mongodb.internal.connection.InternalStreamConnection.receive(InternalStreamConnection.java:469)
	at com.mongodb.internal.connection.DefaultServerMonitor$ServerMonitor.lookupServerDescription(DefaultServerMonitor.java:249)
	at com.mongodb.internal.connection.DefaultServerMonitor$ServerMonitor.run(DefaultServerMonitor.java:176)
Caused by: java.net.SocketTimeoutException: Read timed out
	at java.base/sun.nio.ch.NioSocketImpl.timedRead(NioSocketImpl.java:278)
	at java.base/sun.nio.ch.NioSocketImpl.implRead(NioSocketImpl.java:304)
	at java.base/sun.nio.ch.NioSocketImpl.read(NioSocketImpl.java:346)
	at java.base/sun.nio.ch.NioSocketImpl$1.read(NioSocketImpl.java:796)
	at java.base/java.net.Socket$SocketInputStream.implRead(Socket.java:1116)
	at java.base/java.net.Socket$SocketInputStream.read(Socket.java:1103)
	at java.base/sun.security.ssl.SSLSocketInputRecord.read(SSLSocketInputRecord.java:489)
	at java.base/sun.security.ssl.SSLSocketInputRecord.readHeader(SSLSocketInputRecord.java:483)
	at java.base/sun.security.ssl.SSLSocketInputRecord.bytesInCompletePacket(SSLSocketInputRecord.java:70)
	at java.base/sun.security.ssl.SSLSocketImpl.readApplicationRecord(SSLSocketImpl.java:1462)
	at java.base/sun.security.ssl.SSLSocketImpl$AppInputStream.read(SSLSocketImpl.java:1068)
	at com.mongodb.internal.connection.SocketStream.read(SocketStream.java:182)
	at com.mongodb.internal.connection.InternalStreamConnection.receiveResponseBuffers(InternalStreamConnection.java:824)
	... 4 common frames omitted
18:56:06. 019 [cluster-ClusterId{value='683da5b7456f520059bdda4f', description='Cluster0'}-ac-yqfcj9y-shard-00-02.69ux2h8.mongodb.net:27017] INFO  org.mongodb.driver.cluster -- Exception in monitor thread while connecting to server ac-yqfcj9y-shard-00-02.69ux2h8.mongodb.net:27017
com.mongodb.MongoSocketReadTimeoutException: Timeout while receiving message
	at com.mongodb.internal.connection.InternalStreamConnection.createReadTimeoutException(InternalStreamConnection.java:819)
	at com.mongodb.internal.connection.InternalStreamConnection.translateReadException(InternalStreamConnection.java:807)
	at com.mongodb.internal.connection.InternalStreamConnection.receiveResponseBuffers(InternalStreamConnection.java:857)
	at com.mongodb.internal.connection.InternalStreamConnection.receiveCommandMessageResponse(InternalStreamConnection.java:517)
	at com.mongodb.internal.connection.InternalStreamConnection.receive(InternalStreamConnection.java:469)
	at com.mongodb.internal.connection.DefaultServerMonitor$ServerMonitor.lookupServerDescription(DefaultServerMonitor.java:249)
	at com.mongodb.internal.connection.DefaultServerMonitor$ServerMonitor.run(DefaultServerMonitor.java:176)
Caused by: java.net.SocketTimeoutException: Read timed out
	at java.base/sun.nio.ch.NioSocketImpl.timedRead(NioSocketImpl.java:278)
	at java.base/sun.nio.ch.NioSocketImpl.implRead(NioSocketImpl.java:304)
	at java.base/sun.nio.ch.NioSocketImpl.read(NioSocketImpl.java:346)
	at java.base/sun.nio.ch.NioSocketImpl$1.read(NioSocketImpl.java:796)
	at java.base/java.net.Socket$SocketInputStream.implRead(Socket.java:1116)
	at java.base/java.net.Socket$SocketInputStream.read(Socket.java:1103)
	at java.base/sun.security.ssl.SSLSocketInputRecord.read(SSLSocketInputRecord.java:489)
	at java.base/sun.security.ssl.SSLSocketInputRecord.readHeader(SSLSocketInputRecord.java:483)
	at java.base/sun.security.ssl.SSLSocketInputRecord.bytesInCompletePacket(SSLSocketInputRecord.java:70)
	at java.base/sun.security.ssl.SSLSocketImpl.readApplicationRecord(SSLSocketImpl.java:1462)
	at java.base/sun.security.ssl.SSLSocketImpl$AppInputStream.read(SSLSocketImpl.java:1068)
	at com.mongodb.internal.connection.SocketStream.read(SocketStream.java:182)
	at com.mongodb.internal.connection.InternalStreamConnection.receiveResponseBuffers(InternalStreamConnection.java:824)
	... 4 common frames omitted
18:56:07. 041 [cluster-ClusterId{value='683da5b7456f520059bdda4f', description='Cluster0'}-ac-yqfcj9y-shard-00-00.69ux2h8.mongodb.net:27017] INFO  org.mongodb.driver.cluster -- Monitor thread successfully connected to server with description ServerDescription{address=ac-yqfcj9y-shard-00-00.69ux2h8.mongodb.net:27017, type=REPLICA_SET_SECONDARY, cryptd=false, state=CONNECTED, ok=true, minWireVersion=0, maxWireVersion=25, maxDocumentSize=16777216, logicalSessionTimeoutMinutes=30, roundTripTimeNanos=146937000, minRoundTripTimeNanos=0, setName='atlas-htbgzj-shard-0', canonicalAddress=ac-yqfcj9y-shard-00-00.69ux2h8.mongodb.net:27017, hosts=[ac-yqfcj9y-shard-00-00.69ux2h8.mongodb.net:27017, ac-yqfcj9y-shard-00-01.69ux2h8.mongodb.net:27017, ac-yqfcj9y-shard-00-02.69ux2h8.mongodb.net:27017], passives=[], arbiters=[], primary='ac-yqfcj9y-shard-00-02.69ux2h8.mongodb.net:27017', tagSet=TagSet{[Tag{name='availabilityZone', value='aps1-az1'}, Tag{name='diskState', value='READY'}, Tag{name='nodeType', value='ELECTABLE'}, Tag{name='provider', value='AWS'}, Tag{name='region', value='AP_SOUTH_1'}, Tag{name='workloadType', value='OPERATIONAL'}]}, electionId=null, setVersion=310, topologyVersion=TopologyVersion{processId=6836ebee924473f51a5723ab, counter=5}, lastWriteDate=Mon Jun 02 18:56:06 IST 2025, lastUpdateTimeNanos=320330052828100}
18:56:07. 042 [cluster-ClusterId{value='683da5b7456f520059bdda4f', description='Cluster0'}-ac-yqfcj9y-shard-00-01.69ux2h8.mongodb.net:27017] INFO  org.mongodb.driver.cluster -- Monitor thread successfully connected to server with description ServerDescription{address=ac-yqfcj9y-shard-00-01.69ux2h8.mongodb.net:27017, type=REPLICA_SET_SECONDARY, cryptd=false, state=CONNECTED, ok=true, minWireVersion=0, maxWireVersion=25, maxDocumentSize=16777216, logicalSessionTimeoutMinutes=30, roundTripTimeNanos=153608500, minRoundTripTimeNanos=0, setName='atlas-htbgzj-shard-0', canonicalAddress=ac-yqfcj9y-shard-00-01.69ux2h8.mongodb.net:27017, hosts=[ac-yqfcj9y-shard-00-00.69ux2h8.mongodb.net:27017, ac-yqfcj9y-shard-00-01.69ux2h8.mongodb.net:27017, ac-yqfcj9y-shard-00-02.69ux2h8.mongodb.net:27017], passives=[], arbiters=[], primary='ac-yqfcj9y-shard-00-02.69ux2h8.mongodb.net:27017', tagSet=TagSet{[Tag{name='availabilityZone', value='aps1-az3'}, Tag{name='diskState', value='READY'}, Tag{name='nodeType', value='ELECTABLE'}, Tag{name='provider', value='AWS'}, Tag{name='region', value='AP_SOUTH_1'}, Tag{name='workloadType', value='OPERATIONAL'}]}, electionId=null, setVersion=310, topologyVersion=TopologyVersion{processId=6836ed55dfa0b15da0299ea2, counter=5}, lastWriteDate=Mon Jun 02 18:56:06 IST 2025, lastUpdateTimeNanos=320330052827900}
18:56:07. 109 [cluster-ClusterId{value='683da5b7456f520059bdda4f', description='Cluster0'}-ac-yqfcj9y-shard-00-02.69ux2h8.mongodb.net:27017] INFO  org.mongodb.driver.cluster -- Monitor thread successfully connected to server with description ServerDescription{address=ac-yqfcj9y-shard-00-02.69ux2h8.mongodb.net:27017, type=REPLICA_SET_PRIMARY, cryptd=false, state=CONNECTED, ok=true, minWireVersion=0, maxWireVersion=25, maxDocumentSize=16777216, logicalSessionTimeoutMinutes=30, roundTripTimeNanos=341162700, minRoundTripTimeNanos=0, setName='atlas-htbgzj-shard-0', canonicalAddress=ac-yqfcj9y-shard-00-02.69ux2h8.mongodb.net:27017, hosts=[ac-yqfcj9y-shard-00-00.69ux2h8.mongodb.net:27017, ac-yqfcj9y-shard-00-01.69ux2h8.mongodb.net:27017, ac-yqfcj9y-shard-00-02.69ux2h8.mongodb.net:27017], passives=[], arbiters=[], primary='ac-yqfcj9y-shard-00-02.69ux2h8.mongodb.net:27017', tagSet=TagSet{[Tag{name='availabilityZone', value='aps1-az2'}, Tag{name='diskState', value='READY'}, Tag{name='nodeType', value='ELECTABLE'}, Tag{name='provider', value='AWS'}, Tag{name='region', value='AP_SOUTH_1'}, Tag{name='workloadType', value='OPERATIONAL'}]}, electionId=7fffffff00000000000000fa, setVersion=310, topologyVersion=TopologyVersion{processId=6836eb408a25f210d16d93ce, counter=9}, lastWriteDate=Mon Jun 02 18:56:06 IST 2025, lastUpdateTimeNanos=320330129745300}
18:56:07. 133 [cluster-ClusterId{value='683da5b7456f520059bdda4f', description='Cluster0'}-ac-yqfcj9y-shard-00-02.69ux2h8.mongodb.net:27017] INFO  org.mongodb.driver.cluster -- Discovered replica set primary ac-yqfcj9y-shard-00-02.69ux2h8.mongodb.net:27017 with max election id 7fffffff00000000000000fa and max set version 310
19:25:16. 499 [SpringApplicationShutdownHook] INFO  o.s.b.w.e.tomcat.GracefulShutdown -- Commencing graceful shutdown. Waiting for active requests to complete
19:25:16. 739 [tomcat-shutdown] INFO  o.s.b.w.e.tomcat.GracefulShutdown -- Graceful shutdown complete
19:26:17. 394 [main] INFO  n.v.journalApp.JournalApplication -- Starting JournalApplication using Java 23.0.1 with PID 16900 (D:\journalApp\target\classes started by hp in D:\journalApp)
19:26:17. 407 [main] INFO  n.v.journalApp.JournalApplication -- No active profile set, falling back to 1 default profile: "default"
19:26:20. 643 [main] INFO  o.s.d.r.c.RepositoryConfigurationDelegate -- Bootstrapping Spring Data MongoDB repositories in DEFAULT mode.
19:26:20. 828 [main] INFO  o.s.d.r.c.RepositoryConfigurationDelegate -- Finished Spring Data repository scanning in 162 ms. Found 2 MongoDB repository interfaces.
19:26:22. 694 [main] INFO  o.s.b.w.e.tomcat.TomcatWebServer -- Tomcat initialized with port 8080 (http)
19:26:22. 722 [main] INFO  o.a.coyote.http11.Http11NioProtocol -- Initializing ProtocolHandler ["http-nio-8080"]
19:26:22. 728 [main] INFO  o.a.catalina.core.StandardService -- Starting service [Tomcat]
19:26:22. 729 [main] INFO  o.a.catalina.core.StandardEngine -- Starting Servlet engine: [Apache Tomcat/10.1.41]
19:26:22. 921 [main] INFO  o.a.c.c.C.[.[localhost].[/journal] -- Initializing Spring embedded WebApplicationContext
19:26:22. 938 [main] INFO  o.s.b.w.s.c.ServletWebServerApplicationContext -- Root WebApplicationContext: initialization completed in 5215 ms
19:26:24. 275 [cluster-ClusterId{value='683dad88460b43b3303a29ef', description='Cluster0'}-srv-cluster0.69ux2h8.mongodb.net] INFO  org.mongodb.driver.cluster -- Adding discovered server ac-yqfcj9y-shard-00-00.69ux2h8.mongodb.net:27017 to client view of cluster
19:26:24. 411 [main] INFO  org.mongodb.driver.client -- MongoClient with metadata {"application": {"name": "Cluster0"}, "driver": {"name": "mongo-java-driver|sync|spring-boot", "version": "5.4.0"}, "os": {"type": "Windows", "name": "Windows 11", "architecture": "amd64", "version": "10.0"}, "platform": "Java/Oracle Corporation/23.0.1+11-39"} created with settings MongoClientSettings{readPreference=primary, writeConcern=WriteConcern{w=majority, wTimeout=null ms, journal=null}, retryWrites=true, retryReads=true, readConcern=ReadConcern{level=null}, credential=MongoCredential{mechanism=null, userName='aaddii', source='admin', password=<hidden>, mechanismProperties=<hidden>}, transportSettings=null, commandListeners=[], codecRegistry=ProvidersCodecRegistry{codecProviders=[ValueCodecProvider{}, BsonValueCodecProvider{}, DBRefCodecProvider{}, DBObjectCodecProvider{}, DocumentCodecProvider{}, CollectionCodecProvider{}, IterableCodecProvider{}, MapCodecProvider{}, GeoJsonCodecProvider{}, GridFSFileCodecProvider{}, Jsr310CodecProvider{}, JsonObjectCodecProvider{}, BsonCodecProvider{}, EnumCodecProvider{}, com.mongodb.client.model.mql.ExpressionCodecProvider@6da4feeb, com.mongodb.Jep395RecordCodecProvider@2c604965, com.mongodb.KotlinCodecProvider@57f8951a]}, loggerSettings=LoggerSettings{maxDocumentLength=1000}, clusterSettings={hosts=[127.0.0.1:27017], srvHost=cluster0.69ux2h8.mongodb.net, srvServiceName=mongodb, mode=MULTIPLE, requiredClusterType=REPLICA_SET, requiredReplicaSetName='atlas-htbgzj-shard-0', serverSelector='null', clusterListeners='[]', serverSelectionTimeout='30000 ms', localThreshold='15 ms'}, socketSettings=SocketSettings{connectTimeoutMS=10000, readTimeoutMS=0, receiveBufferSize=0, proxySettings=ProxySettings{host=null, port=null, username=null, password=null}}, heartbeatSocketSettings=SocketSettings{connectTimeoutMS=10000, readTimeoutMS=10000, receiveBufferSize=0, proxySettings=ProxySettings{host=null, port=null, username=null, password=null}}, connectionPoolSettings=ConnectionPoolSettings{maxSize=100, minSize=0, maxWaitTimeMS=120000, maxConnectionLifeTimeMS=0, maxConnectionIdleTimeMS=0, maintenanceInitialDelayMS=0, maintenanceFrequencyMS=60000, connectionPoolListeners=[], maxConnecting=2}, serverSettings=ServerSettings{heartbeatFrequencyMS=10000, minHeartbeatFrequencyMS=500, serverMonitoringMode=AUTO, serverListeners='[]', serverMonitorListeners='[]'}, sslSettings=SslSettings{enabled=true, invalidHostNameAllowed=false, context=null}, applicationName='Cluster0', compressorList=[], uuidRepresentation=JAVA_LEGACY, serverApi=null, autoEncryptionSettings=null, dnsClient=null, inetAddressResolver=null, contextProvider=null, timeoutMS=null}
19:26:24. 454 [cluster-ClusterId{value='683dad88460b43b3303a29ef', description='Cluster0'}-srv-cluster0.69ux2h8.mongodb.net] INFO  org.mongodb.driver.cluster -- Adding discovered server ac-yqfcj9y-shard-00-01.69ux2h8.mongodb.net:27017 to client view of cluster
19:26:24. 469 [cluster-ClusterId{value='683dad88460b43b3303a29ef', description='Cluster0'}-srv-cluster0.69ux2h8.mongodb.net] INFO  org.mongodb.driver.cluster -- Adding discovered server ac-yqfcj9y-shard-00-02.69ux2h8.mongodb.net:27017 to client view of cluster
19:26:25. 170 [main] WARN  o.s.data.convert.CustomConversions -- Registering converter from interface java.util.List to interface org.springframework.data.domain.Vector as reading converter although it doesn't convert from a store-supported type; You might want to check your annotation setup at the converter implementation
19:26:25. 895 [main] WARN  o.s.data.convert.CustomConversions -- Registering converter from interface java.util.List to interface org.springframework.data.domain.Vector as reading converter although it doesn't convert from a store-supported type; You might want to check your annotation setup at the converter implementation
19:26:26. 531 [main] INFO  org.mongodb.driver.cluster -- Waiting for server to become available for operation with ID 5. Remaining time: 29969 ms. Selector: WritableServerSelector, topology description: {type=REPLICA_SET, servers=[{address=ac-yqfcj9y-shard-00-00.69ux2h8.mongodb.net:27017, type=UNKNOWN, state=CONNECTING}, {address=ac-yqfcj9y-shard-00-02.69ux2h8.mongodb.net:27017, type=UNKNOWN, state=CONNECTING}, {address=ac-yqfcj9y-shard-00-01.69ux2h8.mongodb.net:27017, type=UNKNOWN, state=CONNECTING}].
19:26:27. 818 [cluster-ClusterId{value='683dad88460b43b3303a29ef', description='Cluster0'}-ac-yqfcj9y-shard-00-01.69ux2h8.mongodb.net:27017] INFO  org.mongodb.driver.cluster -- Monitor thread successfully connected to server with description ServerDescription{address=ac-yqfcj9y-shard-00-01.69ux2h8.mongodb.net:27017, type=REPLICA_SET_SECONDARY, cryptd=false, state=CONNECTED, ok=true, minWireVersion=0, maxWireVersion=25, maxDocumentSize=16777216, logicalSessionTimeoutMinutes=30, roundTripTimeNanos=1740004300, minRoundTripTimeNanos=0, setName='atlas-htbgzj-shard-0', canonicalAddress=ac-yqfcj9y-shard-00-01.69ux2h8.mongodb.net:27017, hosts=[ac-yqfcj9y-shard-00-00.69ux2h8.mongodb.net:27017, ac-yqfcj9y-shard-00-01.69ux2h8.mongodb.net:27017, ac-yqfcj9y-shard-00-02.69ux2h8.mongodb.net:27017], passives=[], arbiters=[], primary='ac-yqfcj9y-shard-00-02.69ux2h8.mongodb.net:27017', tagSet=TagSet{[Tag{name='availabilityZone', value='aps1-az3'}, Tag{name='diskState', value='READY'}, Tag{name='nodeType', value='ELECTABLE'}, Tag{name='provider', value='AWS'}, Tag{name='region', value='AP_SOUTH_1'}, Tag{name='workloadType', value='OPERATIONAL'}]}, electionId=null, setVersion=310, topologyVersion=TopologyVersion{processId=6836ed55dfa0b15da0299ea2, counter=5}, lastWriteDate=Mon Jun 02 19:26:27 IST 2025, lastUpdateTimeNanos=322150797960500}
19:26:27. 818 [cluster-ClusterId{value='683dad88460b43b3303a29ef', description='Cluster0'}-ac-yqfcj9y-shard-00-00.69ux2h8.mongodb.net:27017] INFO  org.mongodb.driver.cluster -- Monitor thread successfully connected to server with description ServerDescription{address=ac-yqfcj9y-shard-00-00.69ux2h8.mongodb.net:27017, type=REPLICA_SET_SECONDARY, cryptd=false, state=CONNECTED, ok=true, minWireVersion=0, maxWireVersion=25, maxDocumentSize=16777216, logicalSessionTimeoutMinutes=30, roundTripTimeNanos=1730092000, minRoundTripTimeNanos=0, setName='atlas-htbgzj-shard-0', canonicalAddress=ac-yqfcj9y-shard-00-00.69ux2h8.mongodb.net:27017, hosts=[ac-yqfcj9y-shard-00-00.69ux2h8.mongodb.net:27017, ac-yqfcj9y-shard-00-01.69ux2h8.mongodb.net:27017, ac-yqfcj9y-shard-00-02.69ux2h8.mongodb.net:27017], passives=[], arbiters=[], primary='ac-yqfcj9y-shard-00-02.69ux2h8.mongodb.net:27017', tagSet=TagSet{[Tag{name='availabilityZone', value='aps1-az1'}, Tag{name='diskState', value='READY'}, Tag{name='nodeType', value='ELECTABLE'}, Tag{name='provider', value='AWS'}, Tag{name='region', value='AP_SOUTH_1'}, Tag{name='workloadType', value='OPERATIONAL'}]}, electionId=null, setVersion=310, topologyVersion=TopologyVersion{processId=6836ebee924473f51a5723ab, counter=5}, lastWriteDate=Mon Jun 02 19:26:27 IST 2025, lastUpdateTimeNanos=322150788103100}
19:26:27. 818 [cluster-ClusterId{value='683dad88460b43b3303a29ef', description='Cluster0'}-ac-yqfcj9y-shard-00-02.69ux2h8.mongodb.net:27017] INFO  org.mongodb.driver.cluster -- Monitor thread successfully connected to server with description ServerDescription{address=ac-yqfcj9y-shard-00-02.69ux2h8.mongodb.net:27017, type=REPLICA_SET_PRIMARY, cryptd=false, state=CONNECTED, ok=true, minWireVersion=0, maxWireVersion=25, maxDocumentSize=16777216, logicalSessionTimeoutMinutes=30, roundTripTimeNanos=1732844600, minRoundTripTimeNanos=0, setName='atlas-htbgzj-shard-0', canonicalAddress=ac-yqfcj9y-shard-00-02.69ux2h8.mongodb.net:27017, hosts=[ac-yqfcj9y-shard-00-00.69ux2h8.mongodb.net:27017, ac-yqfcj9y-shard-00-01.69ux2h8.mongodb.net:27017, ac-yqfcj9y-shard-00-02.69ux2h8.mongodb.net:27017], passives=[], arbiters=[], primary='ac-yqfcj9y-shard-00-02.69ux2h8.mongodb.net:27017', tagSet=TagSet{[Tag{name='availabilityZone', value='aps1-az2'}, Tag{name='diskState', value='READY'}, Tag{name='nodeType', value='ELECTABLE'}, Tag{name='provider', value='AWS'}, Tag{name='region', value='AP_SOUTH_1'}, Tag{name='workloadType', value='OPERATIONAL'}]}, electionId=7fffffff00000000000000fa, setVersion=310, topologyVersion=TopologyVersion{processId=6836eb408a25f210d16d93ce, counter=9}, lastWriteDate=Mon Jun 02 19:26:27 IST 2025, lastUpdateTimeNanos=322150790846100}
19:26:27. 860 [cluster-ClusterId{value='683dad88460b43b3303a29ef', description='Cluster0'}-ac-yqfcj9y-shard-00-02.69ux2h8.mongodb.net:27017] INFO  org.mongodb.driver.cluster -- Discovered replica set primary ac-yqfcj9y-shard-00-02.69ux2h8.mongodb.net:27017 with max election id 7fffffff00000000000000fa and max set version 310
19:26:30. 781 [main] INFO  o.s.s.c.a.a.c.InitializeUserDetailsBeanManagerConfigurer$InitializeUserDetailsManagerConfigurer -- Global AuthenticationManager configured with UserDetailsService bean with name userDetailsServiceImpl
19:26:32. 175 [main] INFO  o.a.coyote.http11.Http11NioProtocol -- Starting ProtocolHandler ["http-nio-8080"]
19:26:32. 228 [main] INFO  o.s.b.w.e.tomcat.TomcatWebServer -- Tomcat started on port 8080 (http) with context path '/journal'
19:26:32. 254 [main] INFO  n.v.journalApp.JournalApplication -- Started JournalApplication in 16.572 seconds (process running for 21.931)
19:29:42. 317 [SpringApplicationShutdownHook] INFO  o.s.b.w.e.tomcat.GracefulShutdown -- Commencing graceful shutdown. Waiting for active requests to complete
19:29:42. 533 [tomcat-shutdown] INFO  o.s.b.w.e.tomcat.GracefulShutdown -- Graceful shutdown complete
